# JRE version: Java(TM) SE Runtime Environment (17.0.12+8) (build 17.0.12+8-LTS-286)
# Java VM: Java HotSpot(TM) 64-Bit Server VM (17.0.12+8-LTS-286, mixed mode, sharing, tiered, compressed oops, compressed class ptrs, g1 gc, windows-amd64)
GC Precious Log:
 CPUs: 12 total, 12 available
 Memory: 15710M
 Large Page Support: Disabled
 NUMA Support: Disabled
 Compressed Oops: Enabled (Zero based)
 Heap Region Size: 2M
 Heap Min Capacity: 8M
 Heap Initial Capacity: 246M
 Heap Max Capacity: 3928M
 Pre-touch: Disabled
 Parallel Workers: 10
 Concurrent Workers: 3
 Concurrent Refinement Workers: 10
 Periodic GC: Disabled
Heap:
 garbage-first heap   total 221184K, used 149239K [0x000000070a800000, 0x0000000800000000)
  region size 2048K, 25 young (51200K), 4 survivors (8192K)
 Metaspace       used 57004K, committed 57408K, reserved 1114112K
  class space    used 6304K, committed 6528K, reserved 1048576K
GC Heap History (20 events):
Event: 10.443 GC heap before
{Heap before GC invocations=30 (full 0):
 garbage-first heap   total 157696K, used 126310K [0x000000070a800000, 0x0000000800000000)
  region size 2048K, 24 young (49152K), 4 survivors (8192K)
 Metaspace       used 55087K, committed 55424K, reserved 1114112K
  class space    used 6186K, committed 6336K, reserved 1048576K
}
Event: 10.451 GC heap after
{Heap after GC invocations=31 (full 0):
 garbage-first heap   total 157696K, used 88118K [0x000000070a800000, 0x0000000800000000)
  region size 2048K, 2 young (4096K), 2 survivors (4096K)
 Metaspace       used 55087K, committed 55424K, reserved 1114112K
  class space    used 6186K, committed 6336K, reserved 1048576K
}
Event: 11.129 GC heap before
{Heap before GC invocations=31 (full 0):
 garbage-first heap   total 157696K, used 129078K [0x000000070a800000, 0x0000000800000000)
  region size 2048K, 22 young (45056K), 2 survivors (4096K)
 Metaspace       used 55411K, committed 55744K, reserved 1114112K
  class space    used 6199K, committed 6336K, reserved 1048576K
}
Event: 11.136 GC heap after
{Heap after GC invocations=32 (full 0):
 garbage-first heap   total 157696K, used 91086K [0x000000070a800000, 0x0000000800000000)
  region size 2048K, 3 young (6144K), 3 survivors (6144K)
 Metaspace       used 55411K, committed 55744K, reserved 1114112K
  class space    used 6199K, committed 6336K, reserved 1048576K
}
Event: 11.441 GC heap before
{Heap before GC invocations=33 (full 0):
 garbage-first heap   total 167936K, used 129998K [0x000000070a800000, 0x0000000800000000)
  region size 2048K, 22 young (45056K), 3 survivors (6144K)
 Metaspace       used 55455K, committed 55744K, reserved 1114112K
  class space    used 6199K, committed 6336K, reserved 1048576K
}
Event: 11.446 GC heap after
{Heap after GC invocations=34 (full 0):
 garbage-first heap   total 167936K, used 91609K [0x000000070a800000, 0x0000000800000000)
  region size 2048K, 1 young (2048K), 1 survivors (2048K)
 Metaspace       used 55455K, committed 55744K, reserved 1114112K
  class space    used 6199K, committed 6336K, reserved 1048576K
}
Event: 11.805 GC heap before
{Heap before GC invocations=34 (full 0):
 garbage-first heap   total 167936K, used 136665K [0x000000070a800000, 0x0000000800000000)
  region size 2048K, 23 young (47104K), 1 survivors (2048K)
 Metaspace       used 55470K, committed 55808K, reserved 1114112K
  class space    used 6199K, committed 6336K, reserved 1048576K
}
Event: 11.807 GC heap after
{Heap after GC invocations=35 (full 0):
 garbage-first heap   total 167936K, used 91306K [0x000000070a800000, 0x0000000800000000)
  region size 2048K, 1 young (2048K), 1 survivors (2048K)
 Metaspace       used 55470K, committed 55808K, reserved 1114112K
  class space    used 6199K, committed 6336K, reserved 1048576K
}
Event: 12.186 GC heap before
{Heap before GC invocations=36 (full 0):
 garbage-first heap   total 172032K, used 138410K [0x000000070a800000, 0x0000000800000000)
  region size 2048K, 24 young (49152K), 1 survivors (2048K)
 Metaspace       used 55474K, committed 55808K, reserved 1114112K
  class space    used 6199K, committed 6336K, reserved 1048576K
}
Event: 12.188 GC heap after
{Heap after GC invocations=37 (full 0):
 garbage-first heap   total 172032K, used 91650K [0x000000070a800000, 0x0000000800000000)
  region size 2048K, 1 young (2048K), 1 survivors (2048K)
 Metaspace       used 55474K, committed 55808K, reserved 1114112K
  class space    used 6199K, committed 6336K, reserved 1048576K
}
Event: 12.918 GC heap before
{Heap before GC invocations=37 (full 0):
 garbage-first heap   total 172032K, used 144898K [0x000000070a800000, 0x0000000800000000)
  region size 2048K, 27 young (55296K), 1 survivors (2048K)
 Metaspace       used 55642K, committed 55936K, reserved 1114112K
  class space    used 6201K, committed 6336K, reserved 1048576K
}
Event: 12.922 GC heap after
{Heap after GC invocations=38 (full 0):
 garbage-first heap   total 172032K, used 94500K [0x000000070a800000, 0x0000000800000000)
  region size 2048K, 2 young (4096K), 2 survivors (4096K)
 Metaspace       used 55642K, committed 55936K, reserved 1114112K
  class space    used 6201K, committed 6336K, reserved 1048576K
}
Event: 13.575 GC heap before
{Heap before GC invocations=39 (full 0):
 garbage-first heap   total 172032K, used 143652K [0x000000070a800000, 0x0000000800000000)
  region size 2048K, 26 young (53248K), 2 survivors (4096K)
 Metaspace       used 55850K, committed 56128K, reserved 1114112K
  class space    used 6208K, committed 6336K, reserved 1048576K
}
Event: 13.582 GC heap after
{Heap after GC invocations=40 (full 0):
 garbage-first heap   total 172032K, used 97688K [0x000000070a800000, 0x0000000800000000)
  region size 2048K, 4 young (8192K), 4 survivors (8192K)
 Metaspace       used 55850K, committed 56128K, reserved 1114112K
  class space    used 6208K, committed 6336K, reserved 1048576K
}
Event: 14.085 GC heap before
{Heap before GC invocations=40 (full 0):
 garbage-first heap   total 172032K, used 142744K [0x000000070a800000, 0x0000000800000000)
  region size 2048K, 26 young (53248K), 4 survivors (8192K)
 Metaspace       used 55979K, committed 56256K, reserved 1114112K
  class space    used 6209K, committed 6336K, reserved 1048576K
}
Event: 14.093 GC heap after
{Heap after GC invocations=41 (full 0):
 garbage-first heap   total 172032K, used 101237K [0x000000070a800000, 0x0000000800000000)
  region size 2048K, 4 young (8192K), 4 survivors (8192K)
 Metaspace       used 55979K, committed 56256K, reserved 1114112K
  class space    used 6209K, committed 6336K, reserved 1048576K
}
Event: 14.688 GC heap before
{Heap before GC invocations=42 (full 0):
 garbage-first heap   total 184320K, used 142197K [0x000000070a800000, 0x0000000800000000)
  region size 2048K, 24 young (49152K), 4 survivors (8192K)
 Metaspace       used 56720K, committed 57152K, reserved 1114112K
  class space    used 6302K, committed 6528K, reserved 1048576K
}
Event: 14.698 GC heap after
{Heap after GC invocations=43 (full 0):
 garbage-first heap   total 184320K, used 103932K [0x000000070a800000, 0x0000000800000000)
  region size 2048K, 3 young (6144K), 3 survivors (6144K)
 Metaspace       used 56720K, committed 57152K, reserved 1114112K
  class space    used 6302K, committed 6528K, reserved 1048576K
}
Event: 15.568 GC heap before
{Heap before GC invocations=43 (full 0):
 garbage-first heap   total 184320K, used 155132K [0x000000070a800000, 0x0000000800000000)
  region size 2048K, 28 young (57344K), 3 survivors (6144K)
 Metaspace       used 56928K, committed 57344K, reserved 1114112K
  class space    used 6302K, committed 6528K, reserved 1048576K
}
Event: 15.577 GC heap after
{Heap after GC invocations=44 (full 0):
 garbage-first heap   total 221184K, used 108279K [0x000000070a800000, 0x0000000800000000)
  region size 2048K, 4 young (8192K), 4 survivors (8192K)
 Metaspace       used 56928K, committed 57344K, reserved 1114112K
  class space    used 6302K, committed 6528K, reserved 1048576K
}

