# JRE version: Java(TM) SE Runtime Environment (17.0.12+8) (build 17.0.12+8-LTS-286)
# Java VM: Java HotSpot(TM) 64-Bit Server VM (17.0.12+8-LTS-286, mixed mode, sharing, tiered, compressed oops, compressed class ptrs, g1 gc, windows-amd64)
GC Precious Log:
 CPUs: 12 total, 12 available
 Memory: 15710M
 Large Page Support: Disabled
 NUMA Support: Disabled
 Compressed Oops: Enabled (Zero based)
 Heap Region Size: 2M
 Heap Min Capacity: 8M
 Heap Initial Capacity: 246M
 Heap Max Capacity: 3928M
 Pre-touch: Disabled
 Parallel Workers: 10
 Concurrent Workers: 3
 Concurrent Refinement Workers: 10
 Periodic GC: Disabled
Heap:
 garbage-first heap   total 215040K, used 162243K [0x000000070a800000, 0x0000000800000000)
  region size 2048K, 30 young (61440K), 5 survivors (10240K)
 Metaspace       used 57565K, committed 57984K, reserved 1114112K
  class space    used 6315K, committed 6528K, reserved 1048576K
GC Heap History (20 events):
Event: 9.315 GC heap before
{Heap before GC invocations=17 (full 0):
 garbage-first heap   total 176128K, used 136572K [0x000000070a800000, 0x0000000800000000)
  region size 2048K, 31 young (63488K), 3 survivors (6144K)
 Metaspace       used 54956K, committed 55296K, reserved 1114112K
  class space    used 6182K, committed 6336K, reserved 1048576K
}
Event: 9.323 GC heap after
{Heap after GC invocations=18 (full 0):
 garbage-first heap   total 176128K, used 82898K [0x000000070a800000, 0x0000000800000000)
  region size 2048K, 2 young (4096K), 2 survivors (4096K)
 Metaspace       used 54956K, committed 55296K, reserved 1114112K
  class space    used 6182K, committed 6336K, reserved 1048576K
}
Event: 10.177 GC heap before
{Heap before GC invocations=18 (full 0):
 garbage-first heap   total 176128K, used 140242K [0x000000070a800000, 0x0000000800000000)
  region size 2048K, 30 young (61440K), 2 survivors (4096K)
 Metaspace       used 55334K, committed 55616K, reserved 1114112K
  class space    used 6197K, committed 6336K, reserved 1048576K
}
Event: 10.185 GC heap after
{Heap after GC invocations=19 (full 0):
 garbage-first heap   total 176128K, used 86437K [0x000000070a800000, 0x0000000800000000)
  region size 2048K, 4 young (8192K), 4 survivors (8192K)
 Metaspace       used 55334K, committed 55616K, reserved 1114112K
  class space    used 6197K, committed 6336K, reserved 1048576K
}
Event: 10.781 GC heap before
{Heap before GC invocations=20 (full 0):
 garbage-first heap   total 176128K, used 141733K [0x000000070a800000, 0x0000000800000000)
  region size 2048K, 31 young (63488K), 4 survivors (8192K)
 Metaspace       used 55448K, committed 55744K, reserved 1114112K
  class space    used 6199K, committed 6336K, reserved 1048576K
}
Event: 10.788 GC heap after
{Heap after GC invocations=21 (full 0):
 garbage-first heap   total 176128K, used 89215K [0x000000070a800000, 0x0000000800000000)
  region size 2048K, 4 young (8192K), 4 survivors (8192K)
 Metaspace       used 55448K, committed 55744K, reserved 1114112K
  class space    used 6199K, committed 6336K, reserved 1048576K
}
Event: 11.153 GC heap before
{Heap before GC invocations=21 (full 0):
 garbage-first heap   total 176128K, used 142463K [0x000000070a800000, 0x0000000800000000)
  region size 2048K, 30 young (61440K), 4 survivors (8192K)
 Metaspace       used 55476K, committed 55744K, reserved 1114112K
  class space    used 6199K, committed 6336K, reserved 1048576K
}
Event: 11.158 GC heap after
{Heap after GC invocations=22 (full 0):
 garbage-first heap   total 176128K, used 89891K [0x000000070a800000, 0x0000000800000000)
  region size 2048K, 2 young (4096K), 2 survivors (4096K)
 Metaspace       used 55476K, committed 55744K, reserved 1114112K
  class space    used 6199K, committed 6336K, reserved 1048576K
}
Event: 11.552 GC heap before
{Heap before GC invocations=23 (full 0):
 garbage-first heap   total 176128K, used 145187K [0x000000070a800000, 0x0000000800000000)
  region size 2048K, 29 young (59392K), 2 survivors (4096K)
 Metaspace       used 55480K, committed 55744K, reserved 1114112K
  class space    used 6199K, committed 6336K, reserved 1048576K
}
Event: 11.555 GC heap after
{Heap after GC invocations=24 (full 0):
 garbage-first heap   total 176128K, used 89849K [0x000000070a800000, 0x0000000800000000)
  region size 2048K, 2 young (4096K), 2 survivors (4096K)
 Metaspace       used 55480K, committed 55744K, reserved 1114112K
  class space    used 6199K, committed 6336K, reserved 1048576K
}
Event: 12.285 GC heap before
{Heap before GC invocations=24 (full 0):
 garbage-first heap   total 176128K, used 145145K [0x000000070a800000, 0x0000000800000000)
  region size 2048K, 29 young (59392K), 2 survivors (4096K)
 Metaspace       used 55657K, committed 55936K, reserved 1114112K
  class space    used 6202K, committed 6336K, reserved 1048576K
}
Event: 12.290 GC heap after
{Heap after GC invocations=25 (full 0):
 garbage-first heap   total 215040K, used 93057K [0x000000070a800000, 0x0000000800000000)
  region size 2048K, 4 young (8192K), 4 survivors (8192K)
 Metaspace       used 55657K, committed 55936K, reserved 1114112K
  class space    used 6202K, committed 6336K, reserved 1048576K
}
Event: 13.276 GC heap before
{Heap before GC invocations=26 (full 0):
 garbage-first heap   total 215040K, used 177025K [0x000000070a800000, 0x0000000800000000)
  region size 2048K, 45 young (92160K), 4 survivors (8192K)
 Metaspace       used 55888K, committed 56192K, reserved 1114112K
  class space    used 6207K, committed 6336K, reserved 1048576K
}
Event: 13.285 GC heap after
{Heap after GC invocations=27 (full 0):
 garbage-first heap   total 215040K, used 97915K [0x000000070a800000, 0x0000000800000000)
  region size 2048K, 6 young (12288K), 6 survivors (12288K)
 Metaspace       used 55888K, committed 56192K, reserved 1114112K
  class space    used 6207K, committed 6336K, reserved 1048576K
}
Event: 14.443 GC heap before
{Heap before GC invocations=27 (full 0):
 garbage-first heap   total 215040K, used 175739K [0x000000070a800000, 0x0000000800000000)
  region size 2048K, 44 young (90112K), 6 survivors (12288K)
 Metaspace       used 56824K, committed 57216K, reserved 1114112K
  class space    used 6302K, committed 6528K, reserved 1048576K
}
Event: 14.455 GC heap after
{Heap after GC invocations=28 (full 0):
 garbage-first heap   total 215040K, used 104827K [0x000000070a800000, 0x0000000800000000)
  region size 2048K, 6 young (12288K), 6 survivors (12288K)
 Metaspace       used 56824K, committed 57216K, reserved 1114112K
  class space    used 6302K, committed 6528K, reserved 1048576K
}
Event: 15.419 GC heap before
{Heap before GC invocations=28 (full 0):
 garbage-first heap   total 215040K, used 176507K [0x000000070a800000, 0x0000000800000000)
  region size 2048K, 41 young (83968K), 6 survivors (12288K)
 Metaspace       used 57015K, committed 57408K, reserved 1114112K
  class space    used 6305K, committed 6528K, reserved 1048576K
}
Event: 15.430 GC heap after
{Heap after GC invocations=29 (full 0):
 garbage-first heap   total 215040K, used 109329K [0x000000070a800000, 0x0000000800000000)
  region size 2048K, 3 young (6144K), 3 survivors (6144K)
 Metaspace       used 57015K, committed 57408K, reserved 1114112K
  class space    used 6305K, committed 6528K, reserved 1048576K
}
Event: 16.211 GC heap before
{Heap before GC invocations=29 (full 0):
 garbage-first heap   total 215040K, used 178961K [0x000000070a800000, 0x0000000800000000)
  region size 2048K, 37 young (75776K), 3 survivors (6144K)
 Metaspace       used 57368K, committed 57792K, reserved 1114112K
  class space    used 6309K, committed 6528K, reserved 1048576K
}
Event: 16.219 GC heap after
{Heap after GC invocations=30 (full 0):
 garbage-first heap   total 215040K, used 113091K [0x000000070a800000, 0x0000000800000000)
  region size 2048K, 5 young (10240K), 5 survivors (10240K)
 Metaspace       used 57368K, committed 57792K, reserved 1114112K
  class space    used 6309K, committed 6528K, reserved 1048576K
}

