# JRE version: Java(TM) SE Runtime Environment (17.0.12+8) (build 17.0.12+8-LTS-286)
# Java VM: Java HotSpot(TM) 64-Bit Server VM (17.0.12+8-LTS-286, mixed mode, sharing, tiered, compressed oops, compressed class ptrs, g1 gc, windows-amd64)
GC Precious Log:
 CPUs: 12 total, 12 available
 Memory: 15710M
 Large Page Support: Disabled
 NUMA Support: Disabled
 Compressed Oops: Enabled (Zero based)
 Heap Region Size: 2M
 Heap Min Capacity: 8M
 Heap Initial Capacity: 246M
 Heap Max Capacity: 3928M
 Pre-touch: Disabled
 Parallel Workers: 10
 Concurrent Workers: 3
 Concurrent Refinement Workers: 10
 Periodic GC: Disabled
Heap:
 garbage-first heap   total 305152K, used 131913K [0x000000070a800000, 0x0000000800000000)
  region size 2048K, 6 young (12288K), 6 survivors (12288K)
 Metaspace       used 57997K, committed 58432K, reserved 1114112K
  class space    used 6337K, committed 6592K, reserved 1048576K
GC Heap History (20 events):
Event: 27.764 GC heap after
{Heap after GC invocations=44 (full 0):
 garbage-first heap   total 180224K, used 108965K [0x000000070a800000, 0x0000000800000000)
  region size 2048K, 4 young (8192K), 4 survivors (8192K)
 Metaspace       used 56879K, committed 57280K, reserved 1114112K
  class space    used 6304K, committed 6528K, reserved 1048576K
}
Event: 28.635 GC heap before
{Heap before GC invocations=45 (full 0):
 garbage-first heap   total 198656K, used 149925K [0x000000070a800000, 0x0000000800000000)
  region size 2048K, 24 young (49152K), 4 survivors (8192K)
 Metaspace       used 56961K, committed 57408K, reserved 1114112K
  class space    used 6304K, committed 6528K, reserved 1048576K
}
Event: 28.649 GC heap after
{Heap after GC invocations=46 (full 0):
 garbage-first heap   total 198656K, used 111897K [0x000000070a800000, 0x0000000800000000)
  region size 2048K, 2 young (4096K), 2 survivors (4096K)
 Metaspace       used 56961K, committed 57408K, reserved 1114112K
  class space    used 6304K, committed 6528K, reserved 1048576K
}
Event: 29.856 GC heap before
{Heap before GC invocations=46 (full 0):
 garbage-first heap   total 198656K, used 165145K [0x000000070a800000, 0x0000000800000000)
  region size 2048K, 28 young (57344K), 2 survivors (4096K)
 Metaspace       used 57287K, committed 57728K, reserved 1114112K
  class space    used 6305K, committed 6528K, reserved 1048576K
}
Event: 29.867 GC heap after
{Heap after GC invocations=47 (full 0):
 garbage-first heap   total 198656K, used 114602K [0x000000070a800000, 0x0000000800000000)
  region size 2048K, 3 young (6144K), 3 survivors (6144K)
 Metaspace       used 57287K, committed 57728K, reserved 1114112K
  class space    used 6305K, committed 6528K, reserved 1048576K
}
Event: 30.936 GC heap before
{Heap before GC invocations=48 (full 0):
 garbage-first heap   total 202752K, used 167850K [0x000000070a800000, 0x0000000800000000)
  region size 2048K, 29 young (59392K), 3 survivors (6144K)
 Metaspace       used 57460K, committed 57856K, reserved 1114112K
  class space    used 6312K, committed 6528K, reserved 1048576K
}
Event: 30.949 GC heap after
{Heap after GC invocations=49 (full 0):
 garbage-first heap   total 202752K, used 117205K [0x000000070a800000, 0x0000000800000000)
  region size 2048K, 4 young (8192K), 4 survivors (8192K)
 Metaspace       used 57460K, committed 57856K, reserved 1114112K
  class space    used 6312K, committed 6528K, reserved 1048576K
}
Event: 31.978 GC heap before
{Heap before GC invocations=49 (full 0):
 garbage-first heap   total 202752K, used 168405K [0x000000070a800000, 0x0000000800000000)
  region size 2048K, 29 young (59392K), 4 survivors (8192K)
 Metaspace       used 57633K, committed 58048K, reserved 1114112K
  class space    used 6314K, committed 6528K, reserved 1048576K
}
Event: 31.994 GC heap after
{Heap after GC invocations=50 (full 0):
 garbage-first heap   total 243712K, used 120495K [0x000000070a800000, 0x0000000800000000)
  region size 2048K, 3 young (6144K), 3 survivors (6144K)
 Metaspace       used 57633K, committed 58048K, reserved 1114112K
  class space    used 6314K, committed 6528K, reserved 1048576K
}
Event: 33.472 GC heap before
{Heap before GC invocations=51 (full 0):
 garbage-first heap   total 243712K, used 202415K [0x000000070a800000, 0x0000000800000000)
  region size 2048K, 43 young (88064K), 3 survivors (6144K)
 Metaspace       used 57816K, committed 58176K, reserved 1114112K
  class space    used 6322K, committed 6528K, reserved 1048576K
}
Event: 33.486 GC heap after
{Heap after GC invocations=52 (full 0):
 garbage-first heap   total 243712K, used 125084K [0x000000070a800000, 0x0000000800000000)
  region size 2048K, 6 young (12288K), 6 survivors (12288K)
 Metaspace       used 57816K, committed 58176K, reserved 1114112K
  class space    used 6322K, committed 6528K, reserved 1048576K
}
Event: 33.890 GC heap before
{Heap before GC invocations=52 (full 0):
 garbage-first heap   total 243712K, used 200860K [0x000000070a800000, 0x0000000800000000)
  region size 2048K, 43 young (88064K), 6 survivors (12288K)
 Metaspace       used 57817K, committed 58176K, reserved 1114112K
  class space    used 6322K, committed 6528K, reserved 1048576K
}
Event: 33.903 GC heap after
{Heap after GC invocations=53 (full 0):
 garbage-first heap   total 243712K, used 127000K [0x000000070a800000, 0x0000000800000000)
  region size 2048K, 4 young (8192K), 4 survivors (8192K)
 Metaspace       used 57817K, committed 58176K, reserved 1114112K
  class space    used 6322K, committed 6528K, reserved 1048576K
}
Event: 34.138 GC heap before
{Heap before GC invocations=54 (full 0):
 garbage-first heap   total 305152K, used 202776K [0x000000070a800000, 0x0000000800000000)
  region size 2048K, 41 young (83968K), 4 survivors (8192K)
 Metaspace       used 57817K, committed 58176K, reserved 1114112K
  class space    used 6322K, committed 6528K, reserved 1048576K
}
Event: 34.144 GC heap after
{Heap after GC invocations=55 (full 0):
 garbage-first heap   total 305152K, used 126860K [0x000000070a800000, 0x0000000800000000)
  region size 2048K, 4 young (8192K), 4 survivors (8192K)
 Metaspace       used 57817K, committed 58176K, reserved 1114112K
  class space    used 6322K, committed 6528K, reserved 1048576K
}
Event: 34.478 GC heap before
{Heap before GC invocations=55 (full 0):
 garbage-first heap   total 305152K, used 253836K [0x000000070a800000, 0x0000000800000000)
  region size 2048K, 66 young (135168K), 4 survivors (8192K)
 Metaspace       used 57824K, committed 58240K, reserved 1114112K
  class space    used 6322K, committed 6528K, reserved 1048576K
}
Event: 34.484 GC heap after
{Heap after GC invocations=56 (full 0):
 garbage-first heap   total 305152K, used 126643K [0x000000070a800000, 0x0000000800000000)
  region size 2048K, 4 young (8192K), 4 survivors (8192K)
 Metaspace       used 57824K, committed 58240K, reserved 1114112K
  class space    used 6322K, committed 6528K, reserved 1048576K
}
Event: 34.866 GC heap before
{Heap before GC invocations=56 (full 0):
 garbage-first heap   total 305152K, used 263859K [0x000000070a800000, 0x0000000800000000)
  region size 2048K, 71 young (145408K), 4 survivors (8192K)
 Metaspace       used 57824K, committed 58240K, reserved 1114112K
  class space    used 6322K, committed 6528K, reserved 1048576K
}
Event: 34.872 GC heap after
{Heap after GC invocations=57 (full 0):
 garbage-first heap   total 305152K, used 126468K [0x000000070a800000, 0x0000000800000000)
  region size 2048K, 4 young (8192K), 4 survivors (8192K)
 Metaspace       used 57824K, committed 58240K, reserved 1114112K
  class space    used 6322K, committed 6528K, reserved 1048576K
}
Event: 36.907 GC heap before
{Heap before GC invocations=57 (full 0):
 garbage-first heap   total 305152K, used 263684K [0x000000070a800000, 0x0000000800000000)
  region size 2048K, 71 young (145408K), 4 survivors (8192K)
 Metaspace       used 57997K, committed 58432K, reserved 1114112K
  class space    used 6337K, committed 6592K, reserved 1048576K
}

