# JRE version: Java(TM) SE Runtime Environment (17.0.12+8) (build 17.0.12+8-LTS-286)
# Java VM: Java HotSpot(TM) 64-Bit Server VM (17.0.12+8-LTS-286, mixed mode, sharing, tiered, compressed oops, compressed class ptrs, g1 gc, windows-amd64)
GC Precious Log:
 CPUs: 12 total, 12 available
 Memory: 15710M
 Large Page Support: Disabled
 NUMA Support: Disabled
 Compressed Oops: Enabled (Zero based)
 Heap Region Size: 2M
 Heap Min Capacity: 8M
 Heap Initial Capacity: 246M
 Heap Max Capacity: 3928M
 Pre-touch: Disabled
 Parallel Workers: 10
 Concurrent Workers: 3
 Concurrent Refinement Workers: 10
 Periodic GC: Disabled
Heap:
 garbage-first heap   total 360448K, used 290262K [0x000000070a800000, 0x0000000800000000)
  region size 2048K, 65 young (133120K), 10 survivors (20480K)
 Metaspace       used 78134K, committed 78528K, reserved 1179648K
  class space    used 8045K, committed 8256K, reserved 1048576K
GC Heap History (20 events):
Event: 33.776 GC heap before
{Heap before GC invocations=38 (full 0):
 garbage-first heap   total 204800K, used 170943K [0x000000070a800000, 0x0000000800000000)
  region size 2048K, 30 young (61440K), 4 survivors (8192K)
 Metaspace       used 57884K, committed 58240K, reserved 1114112K
  class space    used 6321K, committed 6528K, reserved 1048576K
}
Event: 33.786 GC heap after
{Heap after GC invocations=39 (full 0):
 garbage-first heap   total 204800K, used 120585K [0x000000070a800000, 0x0000000800000000)
  region size 2048K, 4 young (8192K), 4 survivors (8192K)
 Metaspace       used 57884K, committed 58240K, reserved 1114112K
  class space    used 6321K, committed 6528K, reserved 1048576K
}
Event: 34.590 GC heap before
{Heap before GC invocations=39 (full 0):
 garbage-first heap   total 204800K, used 171785K [0x000000070a800000, 0x0000000800000000)
  region size 2048K, 29 young (59392K), 4 survivors (8192K)
 Metaspace       used 57924K, committed 58368K, reserved 1114112K
  class space    used 6321K, committed 6528K, reserved 1048576K
}
Event: 34.600 GC heap after
{Heap after GC invocations=40 (full 0):
 garbage-first heap   total 204800K, used 124070K [0x000000070a800000, 0x0000000800000000)
  region size 2048K, 4 young (8192K), 4 survivors (8192K)
 Metaspace       used 57924K, committed 58368K, reserved 1114112K
  class space    used 6321K, committed 6528K, reserved 1048576K
}
Event: 34.715 GC heap before
{Heap before GC invocations=40 (full 0):
 garbage-first heap   total 204800K, used 173222K [0x000000070a800000, 0x0000000800000000)
  region size 2048K, 28 young (57344K), 4 survivors (8192K)
 Metaspace       used 57924K, committed 58368K, reserved 1114112K
  class space    used 6321K, committed 6528K, reserved 1048576K
}
Event: 34.721 GC heap after
{Heap after GC invocations=41 (full 0):
 garbage-first heap   total 204800K, used 124436K [0x000000070a800000, 0x0000000800000000)
  region size 2048K, 2 young (4096K), 2 survivors (4096K)
 Metaspace       used 57924K, committed 58368K, reserved 1114112K
  class space    used 6321K, committed 6528K, reserved 1048576K
}
Event: 34.862 GC heap before
{Heap before GC invocations=41 (full 0):
 garbage-first heap   total 204800K, used 175636K [0x000000070a800000, 0x0000000800000000)
  region size 2048K, 27 young (55296K), 2 survivors (4096K)
 Metaspace       used 57924K, committed 58368K, reserved 1114112K
  class space    used 6321K, committed 6528K, reserved 1048576K
}
Event: 34.866 GC heap after
{Heap after GC invocations=42 (full 0):
 garbage-first heap   total 360448K, used 124444K [0x000000070a800000, 0x0000000800000000)
  region size 2048K, 2 young (4096K), 2 survivors (4096K)
 Metaspace       used 57924K, committed 58368K, reserved 1114112K
  class space    used 6321K, committed 6528K, reserved 1048576K
}
Event: 35.340 GC heap before
{Heap before GC invocations=42 (full 0):
 garbage-first heap   total 360448K, used 302620K [0x000000070a800000, 0x0000000800000000)
  region size 2048K, 89 young (182272K), 2 survivors (4096K)
 Metaspace       used 57931K, committed 58368K, reserved 1114112K
  class space    used 6321K, committed 6528K, reserved 1048576K
}
Event: 35.345 GC heap after
{Heap after GC invocations=43 (full 0):
 garbage-first heap   total 360448K, used 124588K [0x000000070a800000, 0x0000000800000000)
  region size 2048K, 3 young (6144K), 3 survivors (6144K)
 Metaspace       used 57931K, committed 58368K, reserved 1114112K
  class space    used 6321K, committed 6528K, reserved 1048576K
}
Event: 36.251 GC heap before
{Heap before GC invocations=43 (full 0):
 garbage-first heap   total 360448K, used 313004K [0x000000070a800000, 0x0000000800000000)
  region size 2048K, 95 young (194560K), 3 survivors (6144K)
 Metaspace       used 57951K, committed 58368K, reserved 1114112K
  class space    used 6323K, committed 6528K, reserved 1048576K
}
Event: 36.254 GC heap after
{Heap after GC invocations=44 (full 0):
 garbage-first heap   total 360448K, used 125508K [0x000000070a800000, 0x0000000800000000)
  region size 2048K, 3 young (6144K), 3 survivors (6144K)
 Metaspace       used 57951K, committed 58368K, reserved 1114112K
  class space    used 6323K, committed 6528K, reserved 1048576K
}
Event: 41.033 GC heap before
{Heap before GC invocations=44 (full 0):
 garbage-first heap   total 360448K, used 324164K [0x000000070a800000, 0x0000000800000000)
  region size 2048K, 95 young (194560K), 3 survivors (6144K)
 Metaspace       used 58451K, committed 58944K, reserved 1114112K
  class space    used 6345K, committed 6592K, reserved 1048576K
}
Event: 41.044 GC heap after
{Heap after GC invocations=45 (full 0):
 garbage-first heap   total 360448K, used 149294K [0x000000070a800000, 0x0000000800000000)
  region size 2048K, 10 young (20480K), 10 survivors (20480K)
 Metaspace       used 58451K, committed 58944K, reserved 1114112K
  class space    used 6345K, committed 6592K, reserved 1048576K
}
Event: 43.127 GC heap before
{Heap before GC invocations=45 (full 0):
 garbage-first heap   total 360448K, used 300846K [0x000000070a800000, 0x0000000800000000)
  region size 2048K, 84 young (172032K), 10 survivors (20480K)
 Metaspace       used 58887K, committed 59328K, reserved 1114112K
  class space    used 6377K, committed 6592K, reserved 1048576K
}
Event: 43.144 GC heap after
{Heap after GC invocations=46 (full 0):
 garbage-first heap   total 360448K, used 160141K [0x000000070a800000, 0x0000000800000000)
  region size 2048K, 6 young (12288K), 6 survivors (12288K)
 Metaspace       used 58887K, committed 59328K, reserved 1114112K
  class space    used 6377K, committed 6592K, reserved 1048576K
}
Event: 44.322 GC heap before
{Heap before GC invocations=46 (full 0):
 garbage-first heap   total 360448K, used 301453K [0x000000070a800000, 0x0000000800000000)
  region size 2048K, 75 young (153600K), 6 survivors (12288K)
 Metaspace       used 59266K, committed 59776K, reserved 1114112K
  class space    used 6393K, committed 6656K, reserved 1048576K
}
Event: 44.330 GC heap after
{Heap after GC invocations=47 (full 0):
 garbage-first heap   total 360448K, used 162853K [0x000000070a800000, 0x0000000800000000)
  region size 2048K, 7 young (14336K), 7 survivors (14336K)
 Metaspace       used 59266K, committed 59776K, reserved 1114112K
  class space    used 6393K, committed 6656K, reserved 1048576K
}
Event: 47.123 GC heap before
{Heap before GC invocations=47 (full 0):
 garbage-first heap   total 360448K, used 304165K [0x000000070a800000, 0x0000000800000000)
  region size 2048K, 76 young (155648K), 7 survivors (14336K)
 Metaspace       used 66279K, committed 66752K, reserved 1114112K
  class space    used 7038K, committed 7296K, reserved 1048576K
}
Event: 47.143 GC heap after
{Heap after GC invocations=48 (full 0):
 garbage-first heap   total 360448K, used 179670K [0x000000070a800000, 0x0000000800000000)
  region size 2048K, 10 young (20480K), 10 survivors (20480K)
 Metaspace       used 66279K, committed 66752K, reserved 1114112K
  class space    used 7038K, committed 7296K, reserved 1048576K
}

