# JRE version: Java(TM) SE Runtime Environment (17.0.12+8) (build 17.0.12+8-LTS-286)
# Java VM: Java HotSpot(TM) 64-Bit Server VM (17.0.12+8-LTS-286, mixed mode, sharing, tiered, compressed oops, compressed class ptrs, g1 gc, windows-amd64)
GC Precious Log:
 CPUs: 12 total, 12 available
 Memory: 15710M
 Large Page Support: Disabled
 NUMA Support: Disabled
 Compressed Oops: Enabled (Zero based)
 Heap Region Size: 2M
 Heap Min Capacity: 8M
 Heap Initial Capacity: 246M
 Heap Max Capacity: 3928M
 Pre-touch: Disabled
 Parallel Workers: 10
 Concurrent Workers: 3
 Concurrent Refinement Workers: 10
 Periodic GC: Disabled
Heap:
 garbage-first heap   total 251904K, used 177244K [0x000000070a800000, 0x0000000800000000)
  region size 2048K, 28 young (57344K), 3 survivors (6144K)
 Metaspace       used 57895K, committed 58368K, reserved 1114112K
  class space    used 6324K, committed 6592K, reserved 1048576K
GC Heap History (20 events):
Event: 13.802 GC heap before
{Heap before GC invocations=38 (full 0):
 garbage-first heap   total 174080K, used 146544K [0x000000070a800000, 0x0000000800000000)
  region size 2048K, 28 young (57344K), 3 survivors (6144K)
 Metaspace       used 55879K, committed 56192K, reserved 1114112K
  class space    used 6207K, committed 6336K, reserved 1048576K
}
Event: 13.808 GC heap after
{Heap after GC invocations=39 (full 0):
 garbage-first heap   total 174080K, used 98334K [0x000000070a800000, 0x0000000800000000)
  region size 2048K, 4 young (8192K), 4 survivors (8192K)
 Metaspace       used 55879K, committed 56192K, reserved 1114112K
  class space    used 6207K, committed 6336K, reserved 1048576K
}
Event: 14.321 GC heap before
{Heap before GC invocations=39 (full 0):
 garbage-first heap   total 174080K, used 145438K [0x000000070a800000, 0x0000000800000000)
  region size 2048K, 27 young (55296K), 4 survivors (8192K)
 Metaspace       used 56390K, committed 56768K, reserved 1114112K
  class space    used 6260K, committed 6464K, reserved 1048576K
}
Event: 14.330 GC heap after
{Heap after GC invocations=40 (full 0):
 garbage-first heap   total 174080K, used 102657K [0x000000070a800000, 0x0000000800000000)
  region size 2048K, 4 young (8192K), 4 survivors (8192K)
 Metaspace       used 56390K, committed 56768K, reserved 1114112K
  class space    used 6260K, committed 6464K, reserved 1048576K
}
Event: 14.895 GC heap before
{Heap before GC invocations=41 (full 0):
 garbage-first heap   total 182272K, used 145665K [0x000000070a800000, 0x0000000800000000)
  region size 2048K, 25 young (51200K), 4 survivors (8192K)
 Metaspace       used 56813K, committed 57216K, reserved 1114112K
  class space    used 6302K, committed 6528K, reserved 1048576K
}
Event: 14.903 GC heap after
{Heap after GC invocations=42 (full 0):
 garbage-first heap   total 182272K, used 105741K [0x000000070a800000, 0x0000000800000000)
  region size 2048K, 4 young (8192K), 4 survivors (8192K)
 Metaspace       used 56813K, committed 57216K, reserved 1114112K
  class space    used 6302K, committed 6528K, reserved 1048576K
}
Event: 15.490 GC heap before
{Heap before GC invocations=42 (full 0):
 garbage-first heap   total 182272K, used 152845K [0x000000070a800000, 0x0000000800000000)
  region size 2048K, 27 young (55296K), 4 survivors (8192K)
 Metaspace       used 56944K, committed 57344K, reserved 1114112K
  class space    used 6305K, committed 6528K, reserved 1048576K
}
Event: 15.498 GC heap after
{Heap after GC invocations=43 (full 0):
 garbage-first heap   total 182272K, used 109167K [0x000000070a800000, 0x0000000800000000)
  region size 2048K, 4 young (8192K), 4 survivors (8192K)
 Metaspace       used 56944K, committed 57344K, reserved 1114112K
  class space    used 6305K, committed 6528K, reserved 1048576K
}
Event: 16.057 GC heap before
{Heap before GC invocations=44 (full 0):
 garbage-first heap   total 194560K, used 152175K [0x000000070a800000, 0x0000000800000000)
  region size 2048K, 25 young (51200K), 4 survivors (8192K)
 Metaspace       used 57225K, committed 57664K, reserved 1114112K
  class space    used 6306K, committed 6528K, reserved 1048576K
}
Event: 16.065 GC heap after
{Heap after GC invocations=45 (full 0):
 garbage-first heap   total 194560K, used 112002K [0x000000070a800000, 0x0000000800000000)
  region size 2048K, 3 young (6144K), 3 survivors (6144K)
 Metaspace       used 57225K, committed 57664K, reserved 1114112K
  class space    used 6306K, committed 6528K, reserved 1048576K
}
Event: 16.768 GC heap before
{Heap before GC invocations=45 (full 0):
 garbage-first heap   total 194560K, used 163202K [0x000000070a800000, 0x0000000800000000)
  region size 2048K, 28 young (57344K), 3 survivors (6144K)
 Metaspace       used 57377K, committed 57792K, reserved 1114112K
  class space    used 6306K, committed 6528K, reserved 1048576K
}
Event: 16.776 GC heap after
{Heap after GC invocations=46 (full 0):
 garbage-first heap   total 233472K, used 115147K [0x000000070a800000, 0x0000000800000000)
  region size 2048K, 3 young (6144K), 3 survivors (6144K)
 Metaspace       used 57377K, committed 57792K, reserved 1114112K
  class space    used 6306K, committed 6528K, reserved 1048576K
}
Event: 17.640 GC heap before
{Heap before GC invocations=47 (full 0):
 garbage-first heap   total 233472K, used 192971K [0x000000070a800000, 0x0000000800000000)
  region size 2048K, 41 young (83968K), 3 survivors (6144K)
 Metaspace       used 57696K, committed 58112K, reserved 1114112K
  class space    used 6315K, committed 6528K, reserved 1048576K
}
Event: 17.648 GC heap after
{Heap after GC invocations=48 (full 0):
 garbage-first heap   total 233472K, used 119472K [0x000000070a800000, 0x0000000800000000)
  region size 2048K, 6 young (12288K), 6 survivors (12288K)
 Metaspace       used 57696K, committed 58112K, reserved 1114112K
  class space    used 6315K, committed 6528K, reserved 1048576K
}
Event: 18.446 GC heap before
{Heap before GC invocations=48 (full 0):
 garbage-first heap   total 233472K, used 193200K [0x000000070a800000, 0x0000000800000000)
  region size 2048K, 42 young (86016K), 6 survivors (12288K)
 Metaspace       used 57853K, committed 58304K, reserved 1114112K
  class space    used 6324K, committed 6592K, reserved 1048576K
}
Event: 18.455 GC heap after
{Heap after GC invocations=49 (full 0):
 garbage-first heap   total 233472K, used 124106K [0x000000070a800000, 0x0000000800000000)
  region size 2048K, 5 young (10240K), 5 survivors (10240K)
 Metaspace       used 57853K, committed 58304K, reserved 1114112K
  class space    used 6324K, committed 6592K, reserved 1048576K
}
Event: 18.943 GC heap before
{Heap before GC invocations=50 (full 0):
 garbage-first heap   total 233472K, used 193738K [0x000000070a800000, 0x0000000800000000)
  region size 2048K, 39 young (79872K), 5 survivors (10240K)
 Metaspace       used 57895K, committed 58368K, reserved 1114112K
  class space    used 6324K, committed 6592K, reserved 1048576K
}
Event: 18.951 GC heap after
{Heap after GC invocations=51 (full 0):
 garbage-first heap   total 233472K, used 127583K [0x000000070a800000, 0x0000000800000000)
  region size 2048K, 4 young (8192K), 4 survivors (8192K)
 Metaspace       used 57895K, committed 58368K, reserved 1114112K
  class space    used 6324K, committed 6592K, reserved 1048576K
}
Event: 19.042 GC heap before
{Heap before GC invocations=51 (full 0):
 garbage-first heap   total 233472K, used 197215K [0x000000070a800000, 0x0000000800000000)
  region size 2048K, 38 young (77824K), 4 survivors (8192K)
 Metaspace       used 57895K, committed 58368K, reserved 1114112K
  class space    used 6324K, committed 6592K, reserved 1048576K
}
Event: 19.047 GC heap after
{Heap after GC invocations=52 (full 0):
 garbage-first heap   total 233472K, used 128092K [0x000000070a800000, 0x0000000800000000)
  region size 2048K, 3 young (6144K), 3 survivors (6144K)
 Metaspace       used 57895K, committed 58368K, reserved 1114112K
  class space    used 6324K, committed 6592K, reserved 1048576K
}

