# JRE version: Java(TM) SE Runtime Environment (17.0.12+8) (build 17.0.12+8-LTS-286)
# Java VM: Java HotSpot(TM) 64-Bit Server VM (17.0.12+8-LTS-286, mixed mode, sharing, tiered, compressed oops, compressed class ptrs, parallel gc, windows-amd64)
GC Precious Log:
 CPUs: 12 total, 12 available
 Memory: 15710M
 Large Page Support: Disabled
 NUMA Support: Disabled
 Compressed Oops: Enabled (Zero based)
 Alignments: Space 512K, Generation 512K, Heap 2M
 Heap Min Capacity: 8M
 Heap Initial Capacity: 246M
 Heap Max Capacity: 6G
 Pre-touch: Disabled
 Parallel Workers: 10
Heap:
 PSYoungGen      total 67584K, used 14591K [0x0000000780000000, 0x0000000785c00000, 0x0000000800000000)
  eden space 58368K, 9% used [0x0000000780000000,0x00000007805589a0,0x0000000783900000)
  from space 9216K, 98% used [0x0000000783a00000,0x00000007842e7318,0x0000000784300000)
  to   space 17920K, 0% used [0x0000000784a80000,0x0000000784a80000,0x0000000785c00000)
 ParOldGen       total 167936K, used 26765K [0x0000000680000000, 0x000000068a400000, 0x0000000780000000)
  object space 167936K, 15% used [0x0000000680000000,0x0000000681a23740,0x000000068a400000)
 Metaspace       used 52949K, committed 53504K, reserved 491520K
  class space    used 7439K, committed 7680K, reserved 425984K
GC Heap History (20 events):
Event: 1.598 GC heap before
{Heap before GC invocations=2 (full 0):
 PSYoungGen      total 73728K, used 73726K [0x0000000780000000, 0x0000000785200000, 0x0000000800000000)
  eden space 63488K, 100% used [0x0000000780000000,0x0000000783e00000,0x0000000783e00000)
  from space 10240K, 99% used [0x0000000783e00000,0x00000007847ffab8,0x0000000784800000)
  to   space 10240K, 0% used [0x0000000784800000,0x0000000784800000,0x0000000785200000)
 ParOldGen       total 167936K, used 492K [0x0000000680000000, 0x000000068a400000, 0x0000000780000000)
  object space 167936K, 0% used [0x0000000680000000,0x000000068007b3b0,0x000000068a400000)
 Metaspace       used 6266K, committed 6464K, reserved 491520K
  class space    used 832K, committed 960K, reserved 425984K
}
Event: 1.605 GC heap after
{Heap after GC invocations=2 (full 0):
 PSYoungGen      total 73728K, used 10236K [0x0000000780000000, 0x0000000785200000, 0x0000000800000000)
  eden space 63488K, 0% used [0x0000000780000000,0x0000000780000000,0x0000000783e00000)
  from space 10240K, 99% used [0x0000000784800000,0x00000007851ff3f8,0x0000000785200000)
  to   space 10240K, 0% used [0x0000000783e00000,0x0000000783e00000,0x0000000784800000)
 ParOldGen       total 167936K, used 6859K [0x0000000680000000, 0x000000068a400000, 0x0000000780000000)
  object space 167936K, 4% used [0x0000000680000000,0x00000006806b2f30,0x000000068a400000)
 Metaspace       used 6266K, committed 6464K, reserved 491520K
  class space    used 832K, committed 960K, reserved 425984K
}
Event: 2.899 GC heap before
{Heap before GC invocations=3 (full 0):
 PSYoungGen      total 73728K, used 73724K [0x0000000780000000, 0x0000000785200000, 0x0000000800000000)
  eden space 63488K, 100% used [0x0000000780000000,0x0000000783e00000,0x0000000783e00000)
  from space 10240K, 99% used [0x0000000784800000,0x00000007851ff3f8,0x0000000785200000)
  to   space 10240K, 0% used [0x0000000783e00000,0x0000000783e00000,0x0000000784800000)
 ParOldGen       total 167936K, used 6859K [0x0000000680000000, 0x000000068a400000, 0x0000000780000000)
  object space 167936K, 4% used [0x0000000680000000,0x00000006806b2f30,0x000000068a400000)
 Metaspace       used 16686K, committed 16960K, reserved 491520K
  class space    used 2349K, committed 2432K, reserved 425984K
}
Event: 2.904 GC heap after
{Heap after GC invocations=3 (full 0):
 PSYoungGen      total 73728K, used 10238K [0x0000000780000000, 0x0000000785200000, 0x0000000800000000)
  eden space 63488K, 0% used [0x0000000780000000,0x0000000780000000,0x0000000783e00000)
  from space 10240K, 99% used [0x0000000783e00000,0x00000007847ffa78,0x0000000784800000)
  to   space 10240K, 0% used [0x0000000784800000,0x0000000784800000,0x0000000785200000)
 ParOldGen       total 167936K, used 10447K [0x0000000680000000, 0x000000068a400000, 0x0000000780000000)
  object space 167936K, 6% used [0x0000000680000000,0x0000000680a33d70,0x000000068a400000)
 Metaspace       used 16686K, committed 16960K, reserved 491520K
  class space    used 2349K, committed 2432K, reserved 425984K
}
Event: 3.458 GC heap before
{Heap before GC invocations=4 (full 0):
 PSYoungGen      total 73728K, used 48601K [0x0000000780000000, 0x0000000785200000, 0x0000000800000000)
  eden space 63488K, 60% used [0x0000000780000000,0x0000000782576b28,0x0000000783e00000)
  from space 10240K, 99% used [0x0000000783e00000,0x00000007847ffa78,0x0000000784800000)
  to   space 10240K, 0% used [0x0000000784800000,0x0000000784800000,0x0000000785200000)
 ParOldGen       total 167936K, used 10447K [0x0000000680000000, 0x000000068a400000, 0x0000000780000000)
  object space 167936K, 6% used [0x0000000680000000,0x0000000680a33d70,0x000000068a400000)
 Metaspace       used 21208K, committed 21504K, reserved 491520K
  class space    used 3107K, committed 3264K, reserved 425984K
}
Event: 3.461 GC heap after
{Heap after GC invocations=4 (full 0):
 PSYoungGen      total 73728K, used 10214K [0x0000000780000000, 0x0000000785200000, 0x0000000800000000)
  eden space 63488K, 0% used [0x0000000780000000,0x0000000780000000,0x0000000783e00000)
  from space 10240K, 99% used [0x0000000784800000,0x00000007851f9a28,0x0000000785200000)
  to   space 10240K, 0% used [0x0000000783e00000,0x0000000783e00000,0x0000000784800000)
 ParOldGen       total 167936K, used 12642K [0x0000000680000000, 0x000000068a400000, 0x0000000780000000)
  object space 167936K, 7% used [0x0000000680000000,0x0000000680c58808,0x000000068a400000)
 Metaspace       used 21208K, committed 21504K, reserved 491520K
  class space    used 3107K, committed 3264K, reserved 425984K
}
Event: 3.462 GC heap before
{Heap before GC invocations=5 (full 1):
 PSYoungGen      total 73728K, used 10214K [0x0000000780000000, 0x0000000785200000, 0x0000000800000000)
  eden space 63488K, 0% used [0x0000000780000000,0x0000000780000000,0x0000000783e00000)
  from space 10240K, 99% used [0x0000000784800000,0x00000007851f9a28,0x0000000785200000)
  to   space 10240K, 0% used [0x0000000783e00000,0x0000000783e00000,0x0000000784800000)
 ParOldGen       total 167936K, used 12642K [0x0000000680000000, 0x000000068a400000, 0x0000000780000000)
  object space 167936K, 7% used [0x0000000680000000,0x0000000680c58808,0x000000068a400000)
 Metaspace       used 21208K, committed 21504K, reserved 491520K
  class space    used 3107K, committed 3264K, reserved 425984K
}
Event: 3.483 GC heap after
{Heap after GC invocations=5 (full 1):
 PSYoungGen      total 73728K, used 0K [0x0000000780000000, 0x0000000785200000, 0x0000000800000000)
  eden space 63488K, 0% used [0x0000000780000000,0x0000000780000000,0x0000000783e00000)
  from space 10240K, 0% used [0x0000000784800000,0x0000000784800000,0x0000000785200000)
  to   space 10240K, 0% used [0x0000000783e00000,0x0000000783e00000,0x0000000784800000)
 ParOldGen       total 167936K, used 22256K [0x0000000680000000, 0x000000068a400000, 0x0000000780000000)
  object space 167936K, 13% used [0x0000000680000000,0x00000006815bc1c8,0x000000068a400000)
 Metaspace       used 21208K, committed 21504K, reserved 491520K
  class space    used 3107K, committed 3264K, reserved 425984K
}
Event: 4.331 GC heap before
{Heap before GC invocations=6 (full 1):
 PSYoungGen      total 73728K, used 63488K [0x0000000780000000, 0x0000000785200000, 0x0000000800000000)
  eden space 63488K, 100% used [0x0000000780000000,0x0000000783e00000,0x0000000783e00000)
  from space 10240K, 0% used [0x0000000784800000,0x0000000784800000,0x0000000785200000)
  to   space 10240K, 0% used [0x0000000783e00000,0x0000000783e00000,0x0000000784800000)
 ParOldGen       total 167936K, used 22256K [0x0000000680000000, 0x000000068a400000, 0x0000000780000000)
  object space 167936K, 13% used [0x0000000680000000,0x00000006815bc1c8,0x000000068a400000)
 Metaspace       used 29917K, committed 30272K, reserved 491520K
  class space    used 4216K, committed 4416K, reserved 425984K
}
Event: 4.334 GC heap after
{Heap after GC invocations=6 (full 1):
 PSYoungGen      total 72192K, used 2528K [0x0000000780000000, 0x0000000786180000, 0x0000000800000000)
  eden space 61952K, 0% used [0x0000000780000000,0x0000000780000000,0x0000000783c80000)
  from space 10240K, 24% used [0x0000000783e00000,0x0000000784078020,0x0000000784800000)
  to   space 18944K, 0% used [0x0000000784f00000,0x0000000784f00000,0x0000000786180000)
 ParOldGen       total 167936K, used 22264K [0x0000000680000000, 0x000000068a400000, 0x0000000780000000)
  object space 167936K, 13% used [0x0000000680000000,0x00000006815be1c8,0x000000068a400000)
 Metaspace       used 29917K, committed 30272K, reserved 491520K
  class space    used 4216K, committed 4416K, reserved 425984K
}
Event: 4.872 GC heap before
{Heap before GC invocations=7 (full 1):
 PSYoungGen      total 72192K, used 45233K [0x0000000780000000, 0x0000000786180000, 0x0000000800000000)
  eden space 61952K, 68% used [0x0000000780000000,0x00000007829b4730,0x0000000783c80000)
  from space 10240K, 24% used [0x0000000783e00000,0x0000000784078020,0x0000000784800000)
  to   space 18944K, 0% used [0x0000000784f00000,0x0000000784f00000,0x0000000786180000)
 ParOldGen       total 167936K, used 22264K [0x0000000680000000, 0x000000068a400000, 0x0000000780000000)
  object space 167936K, 13% used [0x0000000680000000,0x00000006815be1c8,0x000000068a400000)
 Metaspace       used 35464K, committed 35840K, reserved 491520K
  class space    used 4942K, committed 5120K, reserved 425984K
}
Event: 4.875 GC heap after
{Heap after GC invocations=7 (full 1):
 PSYoungGen      total 80384K, used 4968K [0x0000000780000000, 0x0000000786280000, 0x0000000800000000)
  eden space 61440K, 0% used [0x0000000780000000,0x0000000780000000,0x0000000783c00000)
  from space 18944K, 26% used [0x0000000784f00000,0x00000007853da1e8,0x0000000786180000)
  to   space 19456K, 0% used [0x0000000783c00000,0x0000000783c00000,0x0000000784f00000)
 ParOldGen       total 167936K, used 22272K [0x0000000680000000, 0x000000068a400000, 0x0000000780000000)
  object space 167936K, 13% used [0x0000000680000000,0x00000006815c01c8,0x000000068a400000)
 Metaspace       used 35464K, committed 35840K, reserved 491520K
  class space    used 4942K, committed 5120K, reserved 425984K
}
Event: 4.875 GC heap before
{Heap before GC invocations=8 (full 2):
 PSYoungGen      total 80384K, used 4968K [0x0000000780000000, 0x0000000786280000, 0x0000000800000000)
  eden space 61440K, 0% used [0x0000000780000000,0x0000000780000000,0x0000000783c00000)
  from space 18944K, 26% used [0x0000000784f00000,0x00000007853da1e8,0x0000000786180000)
  to   space 19456K, 0% used [0x0000000783c00000,0x0000000783c00000,0x0000000784f00000)
 ParOldGen       total 167936K, used 22272K [0x0000000680000000, 0x000000068a400000, 0x0000000780000000)
  object space 167936K, 13% used [0x0000000680000000,0x00000006815c01c8,0x000000068a400000)
 Metaspace       used 35464K, committed 35840K, reserved 491520K
  class space    used 4942K, committed 5120K, reserved 425984K
}
Event: 4.898 GC heap after
{Heap after GC invocations=8 (full 2):
 PSYoungGen      total 80384K, used 0K [0x0000000780000000, 0x0000000786280000, 0x0000000800000000)
  eden space 61440K, 0% used [0x0000000780000000,0x0000000780000000,0x0000000783c00000)
  from space 18944K, 0% used [0x0000000784f00000,0x0000000784f00000,0x0000000786180000)
  to   space 19456K, 0% used [0x0000000783c00000,0x0000000783c00000,0x0000000784f00000)
 ParOldGen       total 167936K, used 26741K [0x0000000680000000, 0x000000068a400000, 0x0000000780000000)
  object space 167936K, 15% used [0x0000000680000000,0x0000000681a1d740,0x000000068a400000)
 Metaspace       used 35464K, committed 35840K, reserved 491520K
  class space    used 4942K, committed 5120K, reserved 425984K
}
Event: 5.310 GC heap before
{Heap before GC invocations=9 (full 2):
 PSYoungGen      total 80384K, used 61440K [0x0000000780000000, 0x0000000786280000, 0x0000000800000000)
  eden space 61440K, 100% used [0x0000000780000000,0x0000000783c00000,0x0000000783c00000)
  from space 18944K, 0% used [0x0000000784f00000,0x0000000784f00000,0x0000000786180000)
  to   space 19456K, 0% used [0x0000000783c00000,0x0000000783c00000,0x0000000784f00000)
 ParOldGen       total 167936K, used 26741K [0x0000000680000000, 0x000000068a400000, 0x0000000780000000)
  object space 167936K, 15% used [0x0000000680000000,0x0000000681a1d740,0x000000068a400000)
 Metaspace       used 39373K, committed 39808K, reserved 491520K
  class space    used 5412K, committed 5632K, reserved 425984K
}
Event: 5.312 GC heap after
{Heap after GC invocations=9 (full 2):
 PSYoungGen      total 64000K, used 3544K [0x0000000780000000, 0x0000000786100000, 0x0000000800000000)
  eden space 60416K, 0% used [0x0000000780000000,0x0000000780000000,0x0000000783b00000)
  from space 3584K, 98% used [0x0000000783c00000,0x0000000783f761a0,0x0000000783f80000)
  to   space 19456K, 0% used [0x0000000784e00000,0x0000000784e00000,0x0000000786100000)
 ParOldGen       total 167936K, used 26749K [0x0000000680000000, 0x000000068a400000, 0x0000000780000000)
  object space 167936K, 15% used [0x0000000680000000,0x0000000681a1f740,0x000000068a400000)
 Metaspace       used 39373K, committed 39808K, reserved 491520K
  class space    used 5412K, committed 5632K, reserved 425984K
}
Event: 6.144 GC heap before
{Heap before GC invocations=10 (full 2):
 PSYoungGen      total 64000K, used 63960K [0x0000000780000000, 0x0000000786100000, 0x0000000800000000)
  eden space 60416K, 100% used [0x0000000780000000,0x0000000783b00000,0x0000000783b00000)
  from space 3584K, 98% used [0x0000000783c00000,0x0000000783f761a0,0x0000000783f80000)
  to   space 19456K, 0% used [0x0000000784e00000,0x0000000784e00000,0x0000000786100000)
 ParOldGen       total 167936K, used 26749K [0x0000000680000000, 0x000000068a400000, 0x0000000780000000)
  object space 167936K, 15% used [0x0000000680000000,0x0000000681a1f740,0x000000068a400000)
 Metaspace       used 45691K, committed 46208K, reserved 491520K
  class space    used 6379K, committed 6592K, reserved 425984K
}
Event: 6.146 GC heap after
{Heap after GC invocations=10 (full 2):
 PSYoungGen      total 76800K, used 6016K [0x0000000780000000, 0x0000000785f00000, 0x0000000800000000)
  eden space 59392K, 0% used [0x0000000780000000,0x0000000780000000,0x0000000783a00000)
  from space 17408K, 34% used [0x0000000784e00000,0x00000007853e0288,0x0000000785f00000)
  to   space 18944K, 0% used [0x0000000783a00000,0x0000000783a00000,0x0000000784c80000)
 ParOldGen       total 167936K, used 26757K [0x0000000680000000, 0x000000068a400000, 0x0000000780000000)
  object space 167936K, 15% used [0x0000000680000000,0x0000000681a21740,0x000000068a400000)
 Metaspace       used 45691K, committed 46208K, reserved 491520K
  class space    used 6379K, committed 6592K, reserved 425984K
}
Event: 6.927 GC heap before
{Heap before GC invocations=11 (full 2):
 PSYoungGen      total 76800K, used 65408K [0x0000000780000000, 0x0000000785f00000, 0x0000000800000000)
  eden space 59392K, 100% used [0x0000000780000000,0x0000000783a00000,0x0000000783a00000)
  from space 17408K, 34% used [0x0000000784e00000,0x00000007853e0288,0x0000000785f00000)
  to   space 18944K, 0% used [0x0000000783a00000,0x0000000783a00000,0x0000000784c80000)
 ParOldGen       total 167936K, used 26757K [0x0000000680000000, 0x000000068a400000, 0x0000000780000000)
  object space 167936K, 15% used [0x0000000680000000,0x0000000681a21740,0x000000068a400000)
 Metaspace       used 52541K, committed 53056K, reserved 491520K
  class space    used 7395K, committed 7616K, reserved 425984K
}
Event: 6.931 GC heap after
{Heap after GC invocations=11 (full 2):
 PSYoungGen      total 67584K, used 9116K [0x0000000780000000, 0x0000000785c00000, 0x0000000800000000)
  eden space 58368K, 0% used [0x0000000780000000,0x0000000780000000,0x0000000783900000)
  from space 9216K, 98% used [0x0000000783a00000,0x00000007842e7318,0x0000000784300000)
  to   space 17920K, 0% used [0x0000000784a80000,0x0000000784a80000,0x0000000785c00000)
 ParOldGen       total 167936K, used 26765K [0x0000000680000000, 0x000000068a400000, 0x0000000780000000)
  object space 167936K, 15% used [0x0000000680000000,0x0000000681a23740,0x000000068a400000)
 Metaspace       used 52541K, committed 53056K, reserved 491520K
  class space    used 7395K, committed 7616K, reserved 425984K
}

