# JRE version: Java(TM) SE Runtime Environment (17.0.12+8) (build 17.0.12+8-LTS-286)
# Java VM: Java HotSpot(TM) 64-Bit Server VM (17.0.12+8-LTS-286, mixed mode, sharing, tiered, compressed oops, compressed class ptrs, parallel gc, windows-amd64)
GC Precious Log:
 CPUs: 12 total, 12 available
 Memory: 15710M
 Large Page Support: Disabled
 NUMA Support: Disabled
 Compressed Oops: Enabled (Zero based)
 Alignments: Space 512K, Generation 512K, Heap 2M
 Heap Min Capacity: 8M
 Heap Initial Capacity: 246M
 Heap Max Capacity: 6G
 Pre-touch: Disabled
 Parallel Workers: 10
Heap:
 PSYoungGen      total 81408K, used 35768K [0x0000000780000000, 0x0000000789f00000, 0x0000000800000000)
  eden space 60928K, 47% used [0x0000000780000000,0x0000000781c86560,0x0000000783b80000)
  from space 20480K, 32% used [0x0000000784f80000,0x00000007855e7cc0,0x0000000786380000)
  to   space 20480K, 0% used [0x0000000783b80000,0x0000000783b80000,0x0000000784f80000)
 ParOldGen       total 167936K, used 36903K [0x0000000680000000, 0x000000068a400000, 0x0000000780000000)
  object space 167936K, 21% used [0x0000000680000000,0x0000000682409c68,0x000000068a400000)
 Metaspace       used 44700K, committed 45184K, reserved 491520K
  class space    used 6052K, committed 6272K, reserved 425984K
GC Heap History (20 events):
Event: 0.816 GC heap before
{Heap before GC invocations=1 (full 0):
 PSYoungGen      total 73728K, used 63488K [0x0000000780000000, 0x0000000785200000, 0x0000000800000000)
  eden space 63488K, 100% used [0x0000000780000000,0x0000000783e00000,0x0000000783e00000)
  from space 10240K, 0% used [0x0000000784800000,0x0000000784800000,0x0000000785200000)
  to   space 10240K, 0% used [0x0000000783e00000,0x0000000783e00000,0x0000000784800000)
 ParOldGen       total 167936K, used 0K [0x0000000680000000, 0x000000068a400000, 0x0000000780000000)
  object space 167936K, 0% used [0x0000000680000000,0x0000000680000000,0x000000068a400000)
 Metaspace       used 4385K, committed 4544K, reserved 491520K
  class space    used 546K, committed 640K, reserved 425984K
}
Event: 0.820 GC heap after
{Heap after GC invocations=1 (full 0):
 PSYoungGen      total 73728K, used 10234K [0x0000000780000000, 0x0000000785200000, 0x0000000800000000)
  eden space 63488K, 0% used [0x0000000780000000,0x0000000780000000,0x0000000783e00000)
  from space 10240K, 99% used [0x0000000783e00000,0x00000007847fe930,0x0000000784800000)
  to   space 10240K, 0% used [0x0000000784800000,0x0000000784800000,0x0000000785200000)
 ParOldGen       total 167936K, used 481K [0x0000000680000000, 0x000000068a400000, 0x0000000780000000)
  object space 167936K, 0% used [0x0000000680000000,0x0000000680078710,0x000000068a400000)
 Metaspace       used 4385K, committed 4544K, reserved 491520K
  class space    used 546K, committed 640K, reserved 425984K
}
Event: 1.329 GC heap before
{Heap before GC invocations=2 (full 0):
 PSYoungGen      total 73728K, used 73722K [0x0000000780000000, 0x0000000785200000, 0x0000000800000000)
  eden space 63488K, 100% used [0x0000000780000000,0x0000000783e00000,0x0000000783e00000)
  from space 10240K, 99% used [0x0000000783e00000,0x00000007847fe930,0x0000000784800000)
  to   space 10240K, 0% used [0x0000000784800000,0x0000000784800000,0x0000000785200000)
 ParOldGen       total 167936K, used 481K [0x0000000680000000, 0x000000068a400000, 0x0000000780000000)
  object space 167936K, 0% used [0x0000000680000000,0x0000000680078710,0x000000068a400000)
 Metaspace       used 6252K, committed 6464K, reserved 491520K
  class space    used 830K, committed 960K, reserved 425984K
}
Event: 1.334 GC heap after
{Heap after GC invocations=2 (full 0):
 PSYoungGen      total 73728K, used 10223K [0x0000000780000000, 0x0000000785200000, 0x0000000800000000)
  eden space 63488K, 0% used [0x0000000780000000,0x0000000780000000,0x0000000783e00000)
  from space 10240K, 99% used [0x0000000784800000,0x00000007851fbdd0,0x0000000785200000)
  to   space 10240K, 0% used [0x0000000783e00000,0x0000000783e00000,0x0000000784800000)
 ParOldGen       total 167936K, used 6784K [0x0000000680000000, 0x000000068a400000, 0x0000000780000000)
  object space 167936K, 4% used [0x0000000680000000,0x00000006806a0260,0x000000068a400000)
 Metaspace       used 6252K, committed 6464K, reserved 491520K
  class space    used 830K, committed 960K, reserved 425984K
}
Event: 2.511 GC heap before
{Heap before GC invocations=3 (full 0):
 PSYoungGen      total 73728K, used 73711K [0x0000000780000000, 0x0000000785200000, 0x0000000800000000)
  eden space 63488K, 100% used [0x0000000780000000,0x0000000783e00000,0x0000000783e00000)
  from space 10240K, 99% used [0x0000000784800000,0x00000007851fbdd0,0x0000000785200000)
  to   space 10240K, 0% used [0x0000000783e00000,0x0000000783e00000,0x0000000784800000)
 ParOldGen       total 167936K, used 6784K [0x0000000680000000, 0x000000068a400000, 0x0000000780000000)
  object space 167936K, 4% used [0x0000000680000000,0x00000006806a0260,0x000000068a400000)
 Metaspace       used 16585K, committed 16832K, reserved 491520K
  class space    used 2327K, committed 2432K, reserved 425984K
}
Event: 2.517 GC heap after
{Heap after GC invocations=3 (full 0):
 PSYoungGen      total 73728K, used 10232K [0x0000000780000000, 0x0000000785200000, 0x0000000800000000)
  eden space 63488K, 0% used [0x0000000780000000,0x0000000780000000,0x0000000783e00000)
  from space 10240K, 99% used [0x0000000783e00000,0x00000007847fe050,0x0000000784800000)
  to   space 10240K, 0% used [0x0000000784800000,0x0000000784800000,0x0000000785200000)
 ParOldGen       total 167936K, used 10284K [0x0000000680000000, 0x000000068a400000, 0x0000000780000000)
  object space 167936K, 6% used [0x0000000680000000,0x0000000680a0b298,0x000000068a400000)
 Metaspace       used 16585K, committed 16832K, reserved 491520K
  class space    used 2327K, committed 2432K, reserved 425984K
}
Event: 3.001 GC heap before
{Heap before GC invocations=4 (full 0):
 PSYoungGen      total 73728K, used 50106K [0x0000000780000000, 0x0000000785200000, 0x0000000800000000)
  eden space 63488K, 62% used [0x0000000780000000,0x00000007826f0b00,0x0000000783e00000)
  from space 10240K, 99% used [0x0000000783e00000,0x00000007847fe050,0x0000000784800000)
  to   space 10240K, 0% used [0x0000000784800000,0x0000000784800000,0x0000000785200000)
 ParOldGen       total 167936K, used 10284K [0x0000000680000000, 0x000000068a400000, 0x0000000780000000)
  object space 167936K, 6% used [0x0000000680000000,0x0000000680a0b298,0x000000068a400000)
 Metaspace       used 21219K, committed 21504K, reserved 491520K
  class space    used 3104K, committed 3264K, reserved 425984K
}
Event: 3.004 GC heap after
{Heap after GC invocations=4 (full 0):
 PSYoungGen      total 73728K, used 10233K [0x0000000780000000, 0x0000000785200000, 0x0000000800000000)
  eden space 63488K, 0% used [0x0000000780000000,0x0000000780000000,0x0000000783e00000)
  from space 10240K, 99% used [0x0000000784800000,0x00000007851fe4b8,0x0000000785200000)
  to   space 10240K, 0% used [0x0000000783e00000,0x0000000783e00000,0x0000000784800000)
 ParOldGen       total 167936K, used 12569K [0x0000000680000000, 0x000000068a400000, 0x0000000780000000)
  object space 167936K, 7% used [0x0000000680000000,0x0000000680c46738,0x000000068a400000)
 Metaspace       used 21219K, committed 21504K, reserved 491520K
  class space    used 3104K, committed 3264K, reserved 425984K
}
Event: 3.004 GC heap before
{Heap before GC invocations=5 (full 1):
 PSYoungGen      total 73728K, used 10233K [0x0000000780000000, 0x0000000785200000, 0x0000000800000000)
  eden space 63488K, 0% used [0x0000000780000000,0x0000000780000000,0x0000000783e00000)
  from space 10240K, 99% used [0x0000000784800000,0x00000007851fe4b8,0x0000000785200000)
  to   space 10240K, 0% used [0x0000000783e00000,0x0000000783e00000,0x0000000784800000)
 ParOldGen       total 167936K, used 12569K [0x0000000680000000, 0x000000068a400000, 0x0000000780000000)
  object space 167936K, 7% used [0x0000000680000000,0x0000000680c46738,0x000000068a400000)
 Metaspace       used 21219K, committed 21504K, reserved 491520K
  class space    used 3104K, committed 3264K, reserved 425984K
}
Event: 3.022 GC heap after
{Heap after GC invocations=5 (full 1):
 PSYoungGen      total 73728K, used 0K [0x0000000780000000, 0x0000000785200000, 0x0000000800000000)
  eden space 63488K, 0% used [0x0000000780000000,0x0000000780000000,0x0000000783e00000)
  from space 10240K, 0% used [0x0000000784800000,0x0000000784800000,0x0000000785200000)
  to   space 10240K, 0% used [0x0000000783e00000,0x0000000783e00000,0x0000000784800000)
 ParOldGen       total 167936K, used 22241K [0x0000000680000000, 0x000000068a400000, 0x0000000780000000)
  object space 167936K, 13% used [0x0000000680000000,0x00000006815b8728,0x000000068a400000)
 Metaspace       used 21219K, committed 21504K, reserved 491520K
  class space    used 3104K, committed 3264K, reserved 425984K
}
Event: 3.841 GC heap before
{Heap before GC invocations=6 (full 1):
 PSYoungGen      total 73728K, used 63488K [0x0000000780000000, 0x0000000785200000, 0x0000000800000000)
  eden space 63488K, 100% used [0x0000000780000000,0x0000000783e00000,0x0000000783e00000)
  from space 10240K, 0% used [0x0000000784800000,0x0000000784800000,0x0000000785200000)
  to   space 10240K, 0% used [0x0000000783e00000,0x0000000783e00000,0x0000000784800000)
 ParOldGen       total 167936K, used 22241K [0x0000000680000000, 0x000000068a400000, 0x0000000780000000)
  object space 167936K, 13% used [0x0000000680000000,0x00000006815b8728,0x000000068a400000)
 Metaspace       used 29916K, committed 30336K, reserved 491520K
  class space    used 4178K, committed 4352K, reserved 425984K
}
Event: 3.843 GC heap after
{Heap after GC invocations=6 (full 1):
 PSYoungGen      total 72192K, used 3400K [0x0000000780000000, 0x0000000786180000, 0x0000000800000000)
  eden space 61952K, 0% used [0x0000000780000000,0x0000000780000000,0x0000000783c80000)
  from space 10240K, 33% used [0x0000000783e00000,0x00000007841521b8,0x0000000784800000)
  to   space 18944K, 0% used [0x0000000784f00000,0x0000000784f00000,0x0000000786180000)
 ParOldGen       total 167936K, used 22249K [0x0000000680000000, 0x000000068a400000, 0x0000000780000000)
  object space 167936K, 13% used [0x0000000680000000,0x00000006815ba728,0x000000068a400000)
 Metaspace       used 29916K, committed 30336K, reserved 491520K
  class space    used 4178K, committed 4352K, reserved 425984K
}
Event: 4.522 GC heap before
{Heap before GC invocations=7 (full 1):
 PSYoungGen      total 72192K, used 65352K [0x0000000780000000, 0x0000000786180000, 0x0000000800000000)
  eden space 61952K, 100% used [0x0000000780000000,0x0000000783c80000,0x0000000783c80000)
  from space 10240K, 33% used [0x0000000783e00000,0x00000007841521b8,0x0000000784800000)
  to   space 18944K, 0% used [0x0000000784f00000,0x0000000784f00000,0x0000000786180000)
 ParOldGen       total 167936K, used 22249K [0x0000000680000000, 0x000000068a400000, 0x0000000780000000)
  object space 167936K, 13% used [0x0000000680000000,0x00000006815ba728,0x000000068a400000)
 Metaspace       used 34931K, committed 35392K, reserved 491520K
  class space    used 4902K, committed 5120K, reserved 425984K
}
Event: 4.528 GC heap after
{Heap after GC invocations=7 (full 1):
 PSYoungGen      total 79872K, used 15036K [0x0000000780000000, 0x0000000786180000, 0x0000000800000000)
  eden space 60928K, 0% used [0x0000000780000000,0x0000000780000000,0x0000000783b80000)
  from space 18944K, 79% used [0x0000000784f00000,0x0000000785daf380,0x0000000786180000)
  to   space 19456K, 0% used [0x0000000783b80000,0x0000000783b80000,0x0000000784e80000)
 ParOldGen       total 167936K, used 22257K [0x0000000680000000, 0x000000068a400000, 0x0000000780000000)
  object space 167936K, 13% used [0x0000000680000000,0x00000006815bc728,0x000000068a400000)
 Metaspace       used 34931K, committed 35392K, reserved 491520K
  class space    used 4902K, committed 5120K, reserved 425984K
}
Event: 4.575 GC heap before
{Heap before GC invocations=8 (full 1):
 PSYoungGen      total 79872K, used 20151K [0x0000000780000000, 0x0000000786180000, 0x0000000800000000)
  eden space 60928K, 8% used [0x0000000780000000,0x00000007804fe998,0x0000000783b80000)
  from space 18944K, 79% used [0x0000000784f00000,0x0000000785daf380,0x0000000786180000)
  to   space 19456K, 0% used [0x0000000783b80000,0x0000000783b80000,0x0000000784e80000)
 ParOldGen       total 167936K, used 22257K [0x0000000680000000, 0x000000068a400000, 0x0000000780000000)
  object space 167936K, 13% used [0x0000000680000000,0x00000006815bc728,0x000000068a400000)
 Metaspace       used 35413K, committed 35840K, reserved 491520K
  class space    used 4973K, committed 5184K, reserved 425984K
}
Event: 4.579 GC heap after
{Heap after GC invocations=8 (full 1):
 PSYoungGen      total 80384K, used 15244K [0x0000000780000000, 0x0000000786380000, 0x0000000800000000)
  eden space 60928K, 0% used [0x0000000780000000,0x0000000780000000,0x0000000783b80000)
  from space 19456K, 78% used [0x0000000783b80000,0x0000000784a63218,0x0000000784e80000)
  to   space 20480K, 0% used [0x0000000784f80000,0x0000000784f80000,0x0000000786380000)
 ParOldGen       total 167936K, used 22265K [0x0000000680000000, 0x000000068a400000, 0x0000000780000000)
  object space 167936K, 13% used [0x0000000680000000,0x00000006815be728,0x000000068a400000)
 Metaspace       used 35413K, committed 35840K, reserved 491520K
  class space    used 4973K, committed 5184K, reserved 425984K
}
Event: 4.579 GC heap before
{Heap before GC invocations=9 (full 2):
 PSYoungGen      total 80384K, used 15244K [0x0000000780000000, 0x0000000786380000, 0x0000000800000000)
  eden space 60928K, 0% used [0x0000000780000000,0x0000000780000000,0x0000000783b80000)
  from space 19456K, 78% used [0x0000000783b80000,0x0000000784a63218,0x0000000784e80000)
  to   space 20480K, 0% used [0x0000000784f80000,0x0000000784f80000,0x0000000786380000)
 ParOldGen       total 167936K, used 22265K [0x0000000680000000, 0x000000068a400000, 0x0000000780000000)
  object space 167936K, 13% used [0x0000000680000000,0x00000006815be728,0x000000068a400000)
 Metaspace       used 35413K, committed 35840K, reserved 491520K
  class space    used 4973K, committed 5184K, reserved 425984K
}
Event: 4.606 GC heap after
{Heap after GC invocations=9 (full 2):
 PSYoungGen      total 80384K, used 0K [0x0000000780000000, 0x0000000786380000, 0x0000000800000000)
  eden space 60928K, 0% used [0x0000000780000000,0x0000000780000000,0x0000000783b80000)
  from space 19456K, 0% used [0x0000000783b80000,0x0000000783b80000,0x0000000784e80000)
  to   space 20480K, 0% used [0x0000000784f80000,0x0000000784f80000,0x0000000786380000)
 ParOldGen       total 167936K, used 36895K [0x0000000680000000, 0x000000068a400000, 0x0000000780000000)
  object space 167936K, 21% used [0x0000000680000000,0x0000000682407c68,0x000000068a400000)
 Metaspace       used 35413K, committed 35840K, reserved 491520K
  class space    used 4973K, committed 5184K, reserved 425984K
}
Event: 5.219 GC heap before
{Heap before GC invocations=10 (full 2):
 PSYoungGen      total 80384K, used 60928K [0x0000000780000000, 0x0000000786380000, 0x0000000800000000)
  eden space 60928K, 100% used [0x0000000780000000,0x0000000783b80000,0x0000000783b80000)
  from space 19456K, 0% used [0x0000000783b80000,0x0000000783b80000,0x0000000784e80000)
  to   space 20480K, 0% used [0x0000000784f80000,0x0000000784f80000,0x0000000786380000)
 ParOldGen       total 167936K, used 36895K [0x0000000680000000, 0x000000068a400000, 0x0000000780000000)
  object space 167936K, 21% used [0x0000000680000000,0x0000000682407c68,0x000000068a400000)
 Metaspace       used 42651K, committed 43072K, reserved 491520K
  class space    used 5770K, committed 5952K, reserved 425984K
}
Event: 5.222 GC heap after
{Heap after GC invocations=10 (full 2):
 PSYoungGen      total 81408K, used 6559K [0x0000000780000000, 0x0000000789f00000, 0x0000000800000000)
  eden space 60928K, 0% used [0x0000000780000000,0x0000000780000000,0x0000000783b80000)
  from space 20480K, 32% used [0x0000000784f80000,0x00000007855e7cc0,0x0000000786380000)
  to   space 20480K, 0% used [0x0000000783b80000,0x0000000783b80000,0x0000000784f80000)
 ParOldGen       total 167936K, used 36903K [0x0000000680000000, 0x000000068a400000, 0x0000000780000000)
  object space 167936K, 21% used [0x0000000680000000,0x0000000682409c68,0x000000068a400000)
 Metaspace       used 42651K, committed 43072K, reserved 491520K
  class space    used 5770K, committed 5952K, reserved 425984K
}

