# JRE version: Java(TM) SE Runtime Environment (17.0.12+8) (build 17.0.12+8-LTS-286)
# Java VM: Java HotSpot(TM) 64-Bit Server VM (17.0.12+8-LTS-286, mixed mode, sharing, tiered, compressed oops, compressed class ptrs, parallel gc, windows-amd64)
GC Precious Log:
 CPUs: 12 total, 12 available
 Memory: 15710M
 Large Page Support: Disabled
 NUMA Support: Disabled
 Compressed Oops: Enabled (Zero based)
 Alignments: Space 512K, Generation 512K, Heap 2M
 Heap Min Capacity: 8M
 Heap Initial Capacity: 246M
 Heap Max Capacity: 4G
 Pre-touch: Disabled
 Parallel Workers: 10
Heap:
 PSYoungGen      total 515072K, used 30977K [0x00000007aab00000, 0x00000007d0c80000, 0x0000000800000000)
  eden space 488448K, 6% used [0x00000007aab00000,0x00000007ac940758,0x00000007c8800000)
  from space 26624K, 0% used [0x00000007c8800000,0x00000007c8800000,0x00000007ca200000)
  to   space 34816K, 0% used [0x00000007cea80000,0x00000007cea80000,0x00000007d0c80000)
 ParOldGen       total 167936K, used 146930K [0x0000000700000000, 0x000000070a400000, 0x00000007aab00000)
  object space 167936K, 87% used [0x0000000700000000,0x0000000708f7c8a0,0x000000070a400000)
 Metaspace       used 116242K, committed 117184K, reserved 1179648K
  class space    used 16446K, committed 16896K, reserved 1048576K
GC Heap History (20 events):
Event: 10.244 GC heap before
{Heap before GC invocations=18 (full 3):
 PSYoungGen      total 178176K, used 162176K [0x00000007aab00000, 0x00000007b6f00000, 0x0000000800000000)
  eden space 155648K, 100% used [0x00000007aab00000,0x00000007b4300000,0x00000007b4300000)
  from space 22528K, 28% used [0x00000007b5880000,0x00000007b5ee0040,0x00000007b6e80000)
  to   space 22016K, 0% used [0x00000007b4300000,0x00000007b4300000,0x00000007b5880000)
 ParOldGen       total 167936K, used 69635K [0x0000000700000000, 0x000000070a400000, 0x00000007aab00000)
  object space 167936K, 41% used [0x0000000700000000,0x0000000704400fa8,0x000000070a400000)
 Metaspace       used 70053K, committed 70720K, reserved 1114112K
  class space    used 9556K, committed 9920K, reserved 1048576K
}
Event: 10.254 GC heap after
{Heap after GC invocations=18 (full 3):
 PSYoungGen      total 177664K, used 10647K [0x00000007aab00000, 0x00000007bc780000, 0x0000000800000000)
  eden space 155648K, 0% used [0x00000007aab00000,0x00000007aab00000,0x00000007b4300000)
  from space 22016K, 48% used [0x00000007b4300000,0x00000007b4d65d70,0x00000007b5880000)
  to   space 20992K, 0% used [0x00000007bb300000,0x00000007bb300000,0x00000007bc780000)
 ParOldGen       total 167936K, used 74152K [0x0000000700000000, 0x000000070a400000, 0x00000007aab00000)
  object space 167936K, 44% used [0x0000000700000000,0x000000070486a098,0x000000070a400000)
 Metaspace       used 70053K, committed 70720K, reserved 1114112K
  class space    used 9556K, committed 9920K, reserved 1048576K
}
Event: 30.696 GC heap before
{Heap before GC invocations=19 (full 3):
 PSYoungGen      total 177664K, used 166295K [0x00000007aab00000, 0x00000007bc780000, 0x0000000800000000)
  eden space 155648K, 100% used [0x00000007aab00000,0x00000007b4300000,0x00000007b4300000)
  from space 22016K, 48% used [0x00000007b4300000,0x00000007b4d65d70,0x00000007b5880000)
  to   space 20992K, 0% used [0x00000007bb300000,0x00000007bb300000,0x00000007bc780000)
 ParOldGen       total 167936K, used 74152K [0x0000000700000000, 0x000000070a400000, 0x00000007aab00000)
  object space 167936K, 44% used [0x0000000700000000,0x000000070486a098,0x000000070a400000)
 Metaspace       used 77838K, committed 78720K, reserved 1179648K
  class space    used 10578K, committed 11008K, reserved 1048576K
}
Event: 30.705 GC heap after
{Heap after GC invocations=19 (full 3):
 PSYoungGen      total 268288K, used 10224K [0x00000007aab00000, 0x00000007bc580000, 0x0000000800000000)
  eden space 249344K, 0% used [0x00000007aab00000,0x00000007aab00000,0x00000007b9e80000)
  from space 18944K, 53% used [0x00000007bb300000,0x00000007bbcfc358,0x00000007bc580000)
  to   space 19968K, 0% used [0x00000007b9e80000,0x00000007b9e80000,0x00000007bb200000)
 ParOldGen       total 167936K, used 82896K [0x0000000700000000, 0x000000070a400000, 0x00000007aab00000)
  object space 167936K, 49% used [0x0000000700000000,0x00000007050f4108,0x000000070a400000)
 Metaspace       used 77838K, committed 78720K, reserved 1179648K
  class space    used 10578K, committed 11008K, reserved 1048576K
}
Event: 33.704 GC heap before
{Heap before GC invocations=20 (full 3):
 PSYoungGen      total 268288K, used 259568K [0x00000007aab00000, 0x00000007bc580000, 0x0000000800000000)
  eden space 249344K, 100% used [0x00000007aab00000,0x00000007b9e80000,0x00000007b9e80000)
  from space 18944K, 53% used [0x00000007bb300000,0x00000007bbcfc358,0x00000007bc580000)
  to   space 19968K, 0% used [0x00000007b9e80000,0x00000007b9e80000,0x00000007bb200000)
 ParOldGen       total 167936K, used 82896K [0x0000000700000000, 0x000000070a400000, 0x00000007aab00000)
  object space 167936K, 49% used [0x0000000700000000,0x00000007050f4108,0x000000070a400000)
 Metaspace       used 93719K, committed 94592K, reserved 1179648K
  class space    used 12675K, committed 13120K, reserved 1048576K
}
Event: 33.718 GC heap after
{Heap after GC invocations=20 (full 3):
 PSYoungGen      total 269312K, used 19967K [0x00000007aab00000, 0x00000007c3500000, 0x0000000800000000)
  eden space 249344K, 0% used [0x00000007aab00000,0x00000007aab00000,0x00000007b9e80000)
  from space 19968K, 99% used [0x00000007b9e80000,0x00000007bb1ffce0,0x00000007bb200000)
  to   space 27136K, 0% used [0x00000007c1a80000,0x00000007c1a80000,0x00000007c3500000)
 ParOldGen       total 167936K, used 94257K [0x0000000700000000, 0x000000070a400000, 0x00000007aab00000)
  object space 167936K, 56% used [0x0000000700000000,0x0000000705c0c648,0x000000070a400000)
 Metaspace       used 93719K, committed 94592K, reserved 1179648K
  class space    used 12675K, committed 13120K, reserved 1048576K
}
Event: 34.136 GC heap before
{Heap before GC invocations=21 (full 3):
 PSYoungGen      total 269312K, used 103729K [0x00000007aab00000, 0x00000007c3500000, 0x0000000800000000)
  eden space 249344K, 33% used [0x00000007aab00000,0x00000007afccc888,0x00000007b9e80000)
  from space 19968K, 99% used [0x00000007b9e80000,0x00000007bb1ffce0,0x00000007bb200000)
  to   space 27136K, 0% used [0x00000007c1a80000,0x00000007c1a80000,0x00000007c3500000)
 ParOldGen       total 167936K, used 94257K [0x0000000700000000, 0x000000070a400000, 0x00000007aab00000)
  object space 167936K, 56% used [0x0000000700000000,0x0000000705c0c648,0x000000070a400000)
 Metaspace       used 98740K, committed 99648K, reserved 1179648K
  class space    used 13520K, committed 14016K, reserved 1048576K
}
Event: 34.152 GC heap after
{Heap after GC invocations=21 (full 3):
 PSYoungGen      total 373248K, used 13275K [0x00000007aab00000, 0x00000007c3200000, 0x0000000800000000)
  eden space 349184K, 0% used [0x00000007aab00000,0x00000007aab00000,0x00000007c0000000)
  from space 24064K, 55% used [0x00000007c1a80000,0x00000007c2776ee8,0x00000007c3200000)
  to   space 25600K, 0% used [0x00000007c0000000,0x00000007c0000000,0x00000007c1900000)
 ParOldGen       total 167936K, used 113094K [0x0000000700000000, 0x000000070a400000, 0x00000007aab00000)
  object space 167936K, 67% used [0x0000000700000000,0x0000000706e718d0,0x000000070a400000)
 Metaspace       used 98740K, committed 99648K, reserved 1179648K
  class space    used 13520K, committed 14016K, reserved 1048576K
}
Event: 34.152 GC heap before
{Heap before GC invocations=22 (full 4):
 PSYoungGen      total 373248K, used 13275K [0x00000007aab00000, 0x00000007c3200000, 0x0000000800000000)
  eden space 349184K, 0% used [0x00000007aab00000,0x00000007aab00000,0x00000007c0000000)
  from space 24064K, 55% used [0x00000007c1a80000,0x00000007c2776ee8,0x00000007c3200000)
  to   space 25600K, 0% used [0x00000007c0000000,0x00000007c0000000,0x00000007c1900000)
 ParOldGen       total 167936K, used 113094K [0x0000000700000000, 0x000000070a400000, 0x00000007aab00000)
  object space 167936K, 67% used [0x0000000700000000,0x0000000706e718d0,0x000000070a400000)
 Metaspace       used 98740K, committed 99648K, reserved 1179648K
  class space    used 13520K, committed 14016K, reserved 1048576K
}
Event: 34.250 GC heap after
{Heap after GC invocations=22 (full 4):
 PSYoungGen      total 373248K, used 0K [0x00000007aab00000, 0x00000007c3200000, 0x0000000800000000)
  eden space 349184K, 0% used [0x00000007aab00000,0x00000007aab00000,0x00000007c0000000)
  from space 24064K, 0% used [0x00000007c1a80000,0x00000007c1a80000,0x00000007c3200000)
  to   space 25600K, 0% used [0x00000007c0000000,0x00000007c0000000,0x00000007c1900000)
 ParOldGen       total 167936K, used 118905K [0x0000000700000000, 0x000000070a400000, 0x00000007aab00000)
  object space 167936K, 70% used [0x0000000700000000,0x000000070741e460,0x000000070a400000)
 Metaspace       used 98448K, committed 99520K, reserved 1179648K
  class space    used 13491K, committed 14016K, reserved 1048576K
}
Event: 35.221 GC heap before
{Heap before GC invocations=23 (full 4):
 PSYoungGen      total 373248K, used 349184K [0x00000007aab00000, 0x00000007c3200000, 0x0000000800000000)
  eden space 349184K, 100% used [0x00000007aab00000,0x00000007c0000000,0x00000007c0000000)
  from space 24064K, 0% used [0x00000007c1a80000,0x00000007c1a80000,0x00000007c3200000)
  to   space 25600K, 0% used [0x00000007c0000000,0x00000007c0000000,0x00000007c1900000)
 ParOldGen       total 167936K, used 118905K [0x0000000700000000, 0x000000070a400000, 0x00000007aab00000)
  object space 167936K, 70% used [0x0000000700000000,0x000000070741e460,0x000000070a400000)
 Metaspace       used 109489K, committed 110464K, reserved 1179648K
  class space    used 15779K, committed 16256K, reserved 1048576K
}
Event: 35.232 GC heap after
{Heap after GC invocations=23 (full 4):
 PSYoungGen      total 374784K, used 16753K [0x00000007aab00000, 0x00000007cbb80000, 0x0000000800000000)
  eden space 349184K, 0% used [0x00000007aab00000,0x00000007aab00000,0x00000007c0000000)
  from space 25600K, 65% used [0x00000007c0000000,0x00000007c105c418,0x00000007c1900000)
  to   space 26112K, 0% used [0x00000007ca200000,0x00000007ca200000,0x00000007cbb80000)
 ParOldGen       total 167936K, used 118913K [0x0000000700000000, 0x000000070a400000, 0x00000007aab00000)
  object space 167936K, 70% used [0x0000000700000000,0x0000000707420460,0x000000070a400000)
 Metaspace       used 109489K, committed 110464K, reserved 1179648K
  class space    used 15779K, committed 16256K, reserved 1048576K
}
Event: 35.725 GC heap before
{Heap before GC invocations=24 (full 4):
 PSYoungGen      total 374784K, used 365937K [0x00000007aab00000, 0x00000007cbb80000, 0x0000000800000000)
  eden space 349184K, 100% used [0x00000007aab00000,0x00000007c0000000,0x00000007c0000000)
  from space 25600K, 65% used [0x00000007c0000000,0x00000007c105c418,0x00000007c1900000)
  to   space 26112K, 0% used [0x00000007ca200000,0x00000007ca200000,0x00000007cbb80000)
 ParOldGen       total 167936K, used 118913K [0x0000000700000000, 0x000000070a400000, 0x00000007aab00000)
  object space 167936K, 70% used [0x0000000700000000,0x0000000707420460,0x000000070a400000)
 Metaspace       used 110257K, committed 111232K, reserved 1179648K
  class space    used 15806K, committed 16320K, reserved 1048576K
}
Event: 35.732 GC heap after
{Heap after GC invocations=24 (full 4):
 PSYoungGen      total 514560K, used 3712K [0x00000007aab00000, 0x00000007cbc80000, 0x0000000800000000)
  eden space 488448K, 0% used [0x00000007aab00000,0x00000007aab00000,0x00000007c8800000)
  from space 26112K, 14% used [0x00000007ca200000,0x00000007ca5a0000,0x00000007cbb80000)
  to   space 26624K, 0% used [0x00000007c8800000,0x00000007c8800000,0x00000007ca200000)
 ParOldGen       total 167936K, used 130940K [0x0000000700000000, 0x000000070a400000, 0x00000007aab00000)
  object space 167936K, 77% used [0x0000000700000000,0x0000000707fdf358,0x000000070a400000)
 Metaspace       used 110257K, committed 111232K, reserved 1179648K
  class space    used 15806K, committed 16320K, reserved 1048576K
}
Event: 36.300 GC heap before
{Heap before GC invocations=25 (full 4):
 PSYoungGen      total 514560K, used 492160K [0x00000007aab00000, 0x00000007cbc80000, 0x0000000800000000)
  eden space 488448K, 100% used [0x00000007aab00000,0x00000007c8800000,0x00000007c8800000)
  from space 26112K, 14% used [0x00000007ca200000,0x00000007ca5a0000,0x00000007cbb80000)
  to   space 26624K, 0% used [0x00000007c8800000,0x00000007c8800000,0x00000007ca200000)
 ParOldGen       total 167936K, used 130940K [0x0000000700000000, 0x000000070a400000, 0x00000007aab00000)
  object space 167936K, 77% used [0x0000000700000000,0x0000000707fdf358,0x000000070a400000)
 Metaspace       used 111550K, committed 112576K, reserved 1179648K
  class space    used 15946K, committed 16448K, reserved 1048576K
}
Event: 36.305 GC heap after
{Heap after GC invocations=25 (full 4):
 PSYoungGen      total 515072K, used 5760K [0x00000007aab00000, 0x00000007cbc80000, 0x0000000800000000)
  eden space 488448K, 0% used [0x00000007aab00000,0x00000007aab00000,0x00000007c8800000)
  from space 26624K, 21% used [0x00000007c8800000,0x00000007c8da0040,0x00000007ca200000)
  to   space 26112K, 0% used [0x00000007ca200000,0x00000007ca200000,0x00000007cbb80000)
 ParOldGen       total 167936K, used 133062K [0x0000000700000000, 0x000000070a400000, 0x00000007aab00000)
  object space 167936K, 79% used [0x0000000700000000,0x00000007081f1aa8,0x000000070a400000)
 Metaspace       used 111550K, committed 112576K, reserved 1179648K
  class space    used 15946K, committed 16448K, reserved 1048576K
}
Event: 38.237 GC heap before
{Heap before GC invocations=26 (full 4):
 PSYoungGen      total 515072K, used 493547K [0x00000007aab00000, 0x00000007cbc80000, 0x0000000800000000)
  eden space 488448K, 99% used [0x00000007aab00000,0x00000007c875ae20,0x00000007c8800000)
  from space 26624K, 21% used [0x00000007c8800000,0x00000007c8da0040,0x00000007ca200000)
  to   space 26112K, 0% used [0x00000007ca200000,0x00000007ca200000,0x00000007cbb80000)
 ParOldGen       total 167936K, used 142695K [0x0000000700000000, 0x000000070a400000, 0x00000007aab00000)
  object space 167936K, 84% used [0x0000000700000000,0x0000000708b59fe0,0x000000070a400000)
 Metaspace       used 115567K, committed 116608K, reserved 1179648K
  class space    used 16370K, committed 16896K, reserved 1048576K
}
Event: 38.248 GC heap after
{Heap after GC invocations=26 (full 4):
 PSYoungGen      total 514560K, used 26088K [0x00000007aab00000, 0x00000007cbc80000, 0x0000000800000000)
  eden space 488448K, 0% used [0x00000007aab00000,0x00000007aab00000,0x00000007c8800000)
  from space 26112K, 99% used [0x00000007ca200000,0x00000007cbb7a0b8,0x00000007cbb80000)
  to   space 26624K, 0% used [0x00000007c8800000,0x00000007c8800000,0x00000007ca200000)
 ParOldGen       total 167936K, used 155372K [0x0000000700000000, 0x000000070a400000, 0x00000007aab00000)
  object space 167936K, 92% used [0x0000000700000000,0x00000007097bb068,0x000000070a400000)
 Metaspace       used 115567K, committed 116608K, reserved 1179648K
  class space    used 16370K, committed 16896K, reserved 1048576K
}
Event: 38.248 GC heap before
{Heap before GC invocations=27 (full 5):
 PSYoungGen      total 514560K, used 26088K [0x00000007aab00000, 0x00000007cbc80000, 0x0000000800000000)
  eden space 488448K, 0% used [0x00000007aab00000,0x00000007aab00000,0x00000007c8800000)
  from space 26112K, 99% used [0x00000007ca200000,0x00000007cbb7a0b8,0x00000007cbb80000)
  to   space 26624K, 0% used [0x00000007c8800000,0x00000007c8800000,0x00000007ca200000)
 ParOldGen       total 167936K, used 155372K [0x0000000700000000, 0x000000070a400000, 0x00000007aab00000)
  object space 167936K, 92% used [0x0000000700000000,0x00000007097bb068,0x000000070a400000)
 Metaspace       used 115567K, committed 116608K, reserved 1179648K
  class space    used 16370K, committed 16896K, reserved 1048576K
}
Event: 38.340 GC heap after
{Heap after GC invocations=27 (full 5):
 PSYoungGen      total 515072K, used 0K [0x00000007aab00000, 0x00000007d0c80000, 0x0000000800000000)
  eden space 488448K, 0% used [0x00000007aab00000,0x00000007aab00000,0x00000007c8800000)
  from space 26624K, 0% used [0x00000007c8800000,0x00000007c8800000,0x00000007ca200000)
  to   space 34816K, 0% used [0x00000007cea80000,0x00000007cea80000,0x00000007d0c80000)
 ParOldGen       total 167936K, used 146930K [0x0000000700000000, 0x000000070a400000, 0x00000007aab00000)
  object space 167936K, 87% used [0x0000000700000000,0x0000000708f7c8a0,0x000000070a400000)
 Metaspace       used 115442K, committed 116608K, reserved 1179648K
  class space    used 16335K, committed 16896K, reserved 1048576K
}

