# JRE version: Java(TM) SE Runtime Environment (17.0.12+8) (build 17.0.12+8-LTS-286)
# Java VM: Java HotSpot(TM) 64-Bit Server VM (17.0.12+8-LTS-286, mixed mode, sharing, tiered, compressed oops, compressed class ptrs, g1 gc, windows-amd64)
GC Precious Log:
 CPUs: 12 total, 12 available
 Memory: 15710M
 Large Page Support: Disabled
 NUMA Support: Disabled
 Compressed Oops: Enabled (Zero based)
 Heap Region Size: 2M
 Heap Min Capacity: 8M
 Heap Initial Capacity: 246M
 Heap Max Capacity: 3928M
 Pre-touch: Disabled
 Parallel Workers: 10
 Concurrent Workers: 3
 Concurrent Refinement Workers: 10
 Periodic GC: Disabled
Heap:
 garbage-first heap   total 329728K, used 151424K [0x000000070a800000, 0x0000000800000000)
  region size 2048K, 1 young (2048K), 1 survivors (2048K)
 Metaspace       used 78623K, committed 79104K, reserved 1179648K
  class space    used 8070K, committed 8320K, reserved 1048576K
GC Heap History (20 events):
Event: 39.395 GC heap after
{Heap after GC invocations=53 (full 0):
 garbage-first heap   total 329728K, used 126277K [0x000000070a800000, 0x0000000800000000)
  region size 2048K, 4 young (8192K), 4 survivors (8192K)
 Metaspace       used 57853K, committed 58240K, reserved 1114112K
  class space    used 6322K, committed 6528K, reserved 1048576K
}
Event: 41.358 GC heap before
{Heap before GC invocations=53 (full 0):
 garbage-first heap   total 329728K, used 279877K [0x000000070a800000, 0x0000000800000000)
  region size 2048K, 79 young (161792K), 4 survivors (8192K)
 Metaspace       used 58076K, committed 58560K, reserved 1114112K
  class space    used 6341K, committed 6592K, reserved 1048576K
}
Event: 41.370 GC heap after
{Heap after GC invocations=54 (full 0):
 garbage-first heap   total 329728K, used 132441K [0x000000070a800000, 0x0000000800000000)
  region size 2048K, 7 young (14336K), 7 survivors (14336K)
 Metaspace       used 58076K, committed 58560K, reserved 1114112K
  class space    used 6341K, committed 6592K, reserved 1048576K
}
Event: 43.970 GC heap before
{Heap before GC invocations=54 (full 0):
 garbage-first heap   total 329728K, used 288089K [0x000000070a800000, 0x0000000800000000)
  region size 2048K, 78 young (159744K), 7 survivors (14336K)
 Metaspace       used 58406K, committed 58880K, reserved 1114112K
  class space    used 6346K, committed 6592K, reserved 1048576K
}
Event: 43.995 GC heap after
{Heap after GC invocations=55 (full 0):
 garbage-first heap   total 329728K, used 154550K [0x000000070a800000, 0x0000000800000000)
  region size 2048K, 10 young (20480K), 10 survivors (20480K)
 Metaspace       used 58406K, committed 58880K, reserved 1114112K
  class space    used 6346K, committed 6592K, reserved 1048576K
}
Event: 45.950 GC heap before
{Heap before GC invocations=55 (full 0):
 garbage-first heap   total 329728K, used 273334K [0x000000070a800000, 0x0000000800000000)
  region size 2048K, 68 young (139264K), 10 survivors (20480K)
 Metaspace       used 58831K, committed 59264K, reserved 1114112K
  class space    used 6377K, committed 6592K, reserved 1048576K
}
Event: 45.976 GC heap after
{Heap after GC invocations=56 (full 0):
 garbage-first heap   total 329728K, used 162387K [0x000000070a800000, 0x0000000800000000)
  region size 2048K, 5 young (10240K), 5 survivors (10240K)
 Metaspace       used 58831K, committed 59264K, reserved 1114112K
  class space    used 6377K, committed 6592K, reserved 1048576K
}
Event: 46.932 GC heap before
{Heap before GC invocations=56 (full 0):
 garbage-first heap   total 329728K, used 272979K [0x000000070a800000, 0x0000000800000000)
  region size 2048K, 59 young (120832K), 5 survivors (10240K)
 Metaspace       used 59046K, committed 59456K, reserved 1114112K
  class space    used 6383K, committed 6592K, reserved 1048576K
}
Event: 46.943 GC heap after
{Heap after GC invocations=57 (full 0):
 garbage-first heap   total 329728K, used 164233K [0x000000070a800000, 0x0000000800000000)
  region size 2048K, 6 young (12288K), 6 survivors (12288K)
 Metaspace       used 59046K, committed 59456K, reserved 1114112K
  class space    used 6383K, committed 6592K, reserved 1048576K
}
Event: 50.004 GC heap before
{Heap before GC invocations=58 (full 0):
 garbage-first heap   total 329728K, used 272777K [0x000000070a800000, 0x0000000800000000)
  region size 2048K, 60 young (122880K), 6 survivors (12288K)
 Metaspace       used 65571K, committed 66048K, reserved 1114112K
  class space    used 6989K, committed 7232K, reserved 1048576K
}
Event: 50.024 GC heap after
{Heap after GC invocations=59 (full 0):
 garbage-first heap   total 329728K, used 169467K [0x000000070a800000, 0x0000000800000000)
  region size 2048K, 6 young (12288K), 6 survivors (12288K)
 Metaspace       used 65571K, committed 66048K, reserved 1114112K
  class space    used 6989K, committed 7232K, reserved 1048576K
}
Event: 50.116 GC heap before
{Heap before GC invocations=59 (full 0):
 garbage-first heap   total 329728K, used 173563K [0x000000070a800000, 0x0000000800000000)
  region size 2048K, 8 young (16384K), 6 survivors (12288K)
 Metaspace       used 65716K, committed 66176K, reserved 1114112K
  class space    used 7003K, committed 7232K, reserved 1048576K
}
Event: 50.128 GC heap after
{Heap after GC invocations=60 (full 0):
 garbage-first heap   total 329728K, used 170335K [0x000000070a800000, 0x0000000800000000)
  region size 2048K, 1 young (2048K), 1 survivors (2048K)
 Metaspace       used 65716K, committed 66176K, reserved 1114112K
  class space    used 7003K, committed 7232K, reserved 1048576K
}
Event: 52.867 GC heap before
{Heap before GC invocations=60 (full 0):
 garbage-first heap   total 329728K, used 276831K [0x000000070a800000, 0x0000000800000000)
  region size 2048K, 53 young (108544K), 1 survivors (2048K)
 Metaspace       used 70516K, committed 70912K, reserved 1114112K
  class space    used 7401K, committed 7616K, reserved 1048576K
}
Event: 52.885 GC heap after
{Heap after GC invocations=61 (full 0):
 garbage-first heap   total 329728K, used 182902K [0x000000070a800000, 0x0000000800000000)
  region size 2048K, 7 young (14336K), 7 survivors (14336K)
 Metaspace       used 70516K, committed 70912K, reserved 1114112K
  class space    used 7401K, committed 7616K, reserved 1048576K
}
Event: 55.882 GC heap before
{Heap before GC invocations=62 (full 0):
 garbage-first heap   total 329728K, used 260726K [0x000000070a800000, 0x0000000800000000)
  region size 2048K, 50 young (102400K), 7 survivors (14336K)
 Metaspace       used 78350K, committed 78848K, reserved 1179648K
  class space    used 8057K, committed 8320K, reserved 1048576K
}
Event: 55.901 GC heap after
{Heap after GC invocations=63 (full 0):
 garbage-first heap   total 329728K, used 181180K [0x000000070a800000, 0x0000000800000000)
  region size 2048K, 5 young (10240K), 5 survivors (10240K)
 Metaspace       used 78350K, committed 78848K, reserved 1179648K
  class space    used 8057K, committed 8320K, reserved 1048576K
}
Event: 56.056 GC heap before
{Heap before GC invocations=63 (full 0):
 garbage-first heap   total 329728K, used 187324K [0x000000070a800000, 0x0000000800000000)
  region size 2048K, 8 young (16384K), 5 survivors (10240K)
 Metaspace       used 78531K, committed 79040K, reserved 1179648K
  class space    used 8069K, committed 8320K, reserved 1048576K
}
Event: 56.072 GC heap after
{Heap after GC invocations=64 (full 0):
 garbage-first heap   total 329728K, used 153931K [0x000000070a800000, 0x0000000800000000)
  region size 2048K, 1 young (2048K), 1 survivors (2048K)
 Metaspace       used 78531K, committed 79040K, reserved 1179648K
  class space    used 8069K, committed 8320K, reserved 1048576K
}
Event: 56.260 GC heap before
{Heap before GC invocations=64 (full 0):
 garbage-first heap   total 329728K, used 168267K [0x000000070a800000, 0x0000000800000000)
  region size 2048K, 8 young (16384K), 1 survivors (2048K)
 Metaspace       used 78623K, committed 79104K, reserved 1179648K
  class space    used 8070K, committed 8320K, reserved 1048576K
}

