# JRE version: Java(TM) SE Runtime Environment (17.0.12+8) (build 17.0.12+8-LTS-286)
# Java VM: Java HotSpot(TM) 64-Bit Server VM (17.0.12+8-LTS-286, mixed mode, sharing, tiered, compressed oops, compressed class ptrs, parallel gc, windows-amd64)
GC Precious Log:
 CPUs: 12 total, 12 available
 Memory: 15710M
 Large Page Support: Disabled
 NUMA Support: Disabled
 Compressed Oops: Enabled (Zero based)
 Alignments: Space 512K, Generation 512K, Heap 2M
 Heap Min Capacity: 8M
 Heap Initial Capacity: 246M
 Heap Max Capacity: 4G
 Pre-touch: Disabled
 Parallel Workers: 10
Heap:
 PSYoungGen      total 517632K, used 33026K [0x00000007aab00000, 0x00000007d8000000, 0x0000000800000000)
  eden space 486400K, 6% used [0x00000007aab00000,0x00000007ac828a80,0x00000007c8600000)
  from space 31232K, 10% used [0x00000007c8600000,0x00000007c8918010,0x00000007ca480000)
  to   space 30720K, 0% used [0x00000007d6200000,0x00000007d6200000,0x00000007d8000000)
 ParOldGen       total 167936K, used 130575K [0x0000000700000000, 0x000000070a400000, 0x00000007aab00000)
  object space 167936K, 77% used [0x0000000700000000,0x0000000707f83e38,0x000000070a400000)
 Metaspace       used 111151K, committed 112192K, reserved 1179648K
  class space    used 15667K, committed 16192K, reserved 1048576K
GC Heap History (20 events):
Event: 7.331 GC heap before
{Heap before GC invocations=16 (full 3):
 PSYoungGen      total 177152K, used 3152K [0x00000007aab00000, 0x00000007b6e80000, 0x0000000800000000)
  eden space 155136K, 0% used [0x00000007aab00000,0x00000007aab00000,0x00000007b4280000)
  from space 22016K, 14% used [0x00000007b4280000,0x00000007b4594010,0x00000007b5800000)
  to   space 22528K, 0% used [0x00000007b5880000,0x00000007b5880000,0x00000007b6e80000)
 ParOldGen       total 167936K, used 69832K [0x0000000700000000, 0x000000070a400000, 0x00000007aab00000)
  object space 167936K, 41% used [0x0000000700000000,0x00000007044322b0,0x000000070a400000)
 Metaspace       used 59095K, committed 59776K, reserved 1114112K
  class space    used 8160K, committed 8512K, reserved 1048576K
}
Event: 7.388 GC heap after
{Heap after GC invocations=16 (full 3):
 PSYoungGen      total 177152K, used 0K [0x00000007aab00000, 0x00000007b6e80000, 0x0000000800000000)
  eden space 155136K, 0% used [0x00000007aab00000,0x00000007aab00000,0x00000007b4280000)
  from space 22016K, 0% used [0x00000007b4280000,0x00000007b4280000,0x00000007b5800000)
  to   space 22528K, 0% used [0x00000007b5880000,0x00000007b5880000,0x00000007b6e80000)
 ParOldGen       total 167936K, used 69828K [0x0000000700000000, 0x000000070a400000, 0x00000007aab00000)
  object space 167936K, 41% used [0x0000000700000000,0x00000007044312c8,0x000000070a400000)
 Metaspace       used 59069K, committed 59776K, reserved 1114112K
  class space    used 8153K, committed 8512K, reserved 1048576K
}
Event: 7.921 GC heap before
{Heap before GC invocations=17 (full 3):
 PSYoungGen      total 177152K, used 155136K [0x00000007aab00000, 0x00000007b6e80000, 0x0000000800000000)
  eden space 155136K, 100% used [0x00000007aab00000,0x00000007b4280000,0x00000007b4280000)
  from space 22016K, 0% used [0x00000007b4280000,0x00000007b4280000,0x00000007b5800000)
  to   space 22528K, 0% used [0x00000007b5880000,0x00000007b5880000,0x00000007b6e80000)
 ParOldGen       total 167936K, used 69828K [0x0000000700000000, 0x000000070a400000, 0x00000007aab00000)
  object space 167936K, 41% used [0x0000000700000000,0x00000007044312c8,0x000000070a400000)
 Metaspace       used 61988K, committed 62720K, reserved 1114112K
  class space    used 8495K, committed 8896K, reserved 1048576K
}
Event: 7.927 GC heap after
{Heap after GC invocations=17 (full 3):
 PSYoungGen      total 178688K, used 9392K [0x00000007aab00000, 0x00000007bc780000, 0x0000000800000000)
  eden space 156160K, 0% used [0x00000007aab00000,0x00000007aab00000,0x00000007b4380000)
  from space 22528K, 41% used [0x00000007b5880000,0x00000007b61ac050,0x00000007b6e80000)
  to   space 21504K, 0% used [0x00000007b4380000,0x00000007b4380000,0x00000007b5880000)
 ParOldGen       total 167936K, used 69900K [0x0000000700000000, 0x000000070a400000, 0x00000007aab00000)
  object space 167936K, 41% used [0x0000000700000000,0x00000007044432d8,0x000000070a400000)
 Metaspace       used 61988K, committed 62720K, reserved 1114112K
  class space    used 8495K, committed 8896K, reserved 1048576K
}
Event: 9.278 GC heap before
{Heap before GC invocations=18 (full 3):
 PSYoungGen      total 178688K, used 165552K [0x00000007aab00000, 0x00000007bc780000, 0x0000000800000000)
  eden space 156160K, 100% used [0x00000007aab00000,0x00000007b4380000,0x00000007b4380000)
  from space 22528K, 41% used [0x00000007b5880000,0x00000007b61ac050,0x00000007b6e80000)
  to   space 21504K, 0% used [0x00000007b4380000,0x00000007b4380000,0x00000007b5880000)
 ParOldGen       total 167936K, used 69900K [0x0000000700000000, 0x000000070a400000, 0x00000007aab00000)
  object space 167936K, 41% used [0x0000000700000000,0x00000007044432d8,0x000000070a400000)
 Metaspace       used 75382K, committed 76224K, reserved 1179648K
  class space    used 10334K, committed 10752K, reserved 1048576K
}
Event: 9.285 GC heap after
{Heap after GC invocations=18 (full 3):
 PSYoungGen      total 177664K, used 9285K [0x00000007aab00000, 0x00000007bc700000, 0x0000000800000000)
  eden space 156160K, 0% used [0x00000007aab00000,0x00000007aab00000,0x00000007b4380000)
  from space 21504K, 43% used [0x00000007b4380000,0x00000007b4c917f8,0x00000007b5880000)
  to   space 20480K, 0% used [0x00000007bb300000,0x00000007bb300000,0x00000007bc700000)
 ParOldGen       total 167936K, used 78452K [0x0000000700000000, 0x000000070a400000, 0x00000007aab00000)
  object space 167936K, 46% used [0x0000000700000000,0x0000000704c9d3b8,0x000000070a400000)
 Metaspace       used 75382K, committed 76224K, reserved 1179648K
  class space    used 10334K, committed 10752K, reserved 1048576K
}
Event: 24.673 GC heap before
{Heap before GC invocations=19 (full 3):
 PSYoungGen      total 177664K, used 165445K [0x00000007aab00000, 0x00000007bc700000, 0x0000000800000000)
  eden space 156160K, 100% used [0x00000007aab00000,0x00000007b4380000,0x00000007b4380000)
  from space 21504K, 43% used [0x00000007b4380000,0x00000007b4c917f8,0x00000007b5880000)
  to   space 20480K, 0% used [0x00000007bb300000,0x00000007bb300000,0x00000007bc700000)
 ParOldGen       total 167936K, used 78452K [0x0000000700000000, 0x000000070a400000, 0x00000007aab00000)
  object space 167936K, 46% used [0x0000000700000000,0x0000000704c9d3b8,0x000000070a400000)
 Metaspace       used 85281K, committed 86208K, reserved 1179648K
  class space    used 11493K, committed 11968K, reserved 1048576K
}
Event: 24.684 GC heap after
{Heap after GC invocations=19 (full 3):
 PSYoungGen      total 268800K, used 17000K [0x00000007aab00000, 0x00000007bca00000, 0x0000000800000000)
  eden space 248320K, 0% used [0x00000007aab00000,0x00000007aab00000,0x00000007b9d80000)
  from space 20480K, 83% used [0x00000007bb300000,0x00000007bc39a3e0,0x00000007bc700000)
  to   space 22016K, 0% used [0x00000007b9d80000,0x00000007b9d80000,0x00000007bb300000)
 ParOldGen       total 167936K, used 87070K [0x0000000700000000, 0x000000070a400000, 0x00000007aab00000)
  object space 167936K, 51% used [0x0000000700000000,0x0000000705507920,0x000000070a400000)
 Metaspace       used 85281K, committed 86208K, reserved 1179648K
  class space    used 11493K, committed 11968K, reserved 1048576K
}
Event: 30.371 GC heap before
{Heap before GC invocations=20 (full 3):
 PSYoungGen      total 268800K, used 265318K [0x00000007aab00000, 0x00000007bca00000, 0x0000000800000000)
  eden space 248320K, 99% used [0x00000007aab00000,0x00000007b9d7f798,0x00000007b9d80000)
  from space 20480K, 83% used [0x00000007bb300000,0x00000007bc39a3e0,0x00000007bc700000)
  to   space 22016K, 0% used [0x00000007b9d80000,0x00000007b9d80000,0x00000007bb300000)
 ParOldGen       total 167936K, used 87070K [0x0000000700000000, 0x000000070a400000, 0x00000007aab00000)
  object space 167936K, 51% used [0x0000000700000000,0x0000000705507920,0x000000070a400000)
 Metaspace       used 98086K, committed 99008K, reserved 1179648K
  class space    used 13314K, committed 13824K, reserved 1048576K
}
Event: 30.391 GC heap after
{Heap after GC invocations=20 (full 3):
 PSYoungGen      total 270336K, used 22003K [0x00000007aab00000, 0x00000007c3b80000, 0x0000000800000000)
  eden space 248320K, 0% used [0x00000007aab00000,0x00000007aab00000,0x00000007b9d80000)
  from space 22016K, 99% used [0x00000007b9d80000,0x00000007bb2fcc50,0x00000007bb300000)
  to   space 31232K, 0% used [0x00000007c1d00000,0x00000007c1d00000,0x00000007c3b80000)
 ParOldGen       total 167936K, used 103828K [0x0000000700000000, 0x000000070a400000, 0x00000007aab00000)
  object space 167936K, 61% used [0x0000000700000000,0x00000007065651d0,0x000000070a400000)
 Metaspace       used 98086K, committed 99008K, reserved 1179648K
  class space    used 13314K, committed 13824K, reserved 1048576K
}
Event: 30.545 GC heap before
{Heap before GC invocations=21 (full 3):
 PSYoungGen      total 270336K, used 27369K [0x00000007aab00000, 0x00000007c3b80000, 0x0000000800000000)
  eden space 248320K, 2% used [0x00000007aab00000,0x00000007ab03d998,0x00000007b9d80000)
  from space 22016K, 99% used [0x00000007b9d80000,0x00000007bb2fcc50,0x00000007bb300000)
  to   space 31232K, 0% used [0x00000007c1d00000,0x00000007c1d00000,0x00000007c3b80000)
 ParOldGen       total 167936K, used 103828K [0x0000000700000000, 0x000000070a400000, 0x00000007aab00000)
  object space 167936K, 61% used [0x0000000700000000,0x00000007065651d0,0x000000070a400000)
 Metaspace       used 98769K, committed 99648K, reserved 1179648K
  class space    used 13482K, committed 13952K, reserved 1048576K
}
Event: 30.558 GC heap after
{Heap after GC invocations=21 (full 3):
 PSYoungGen      total 378368K, used 512K [0x00000007aab00000, 0x00000007c3c80000, 0x0000000800000000)
  eden space 347136K, 0% used [0x00000007aab00000,0x00000007aab00000,0x00000007bfe00000)
  from space 31232K, 1% used [0x00000007c1d00000,0x00000007c1d80000,0x00000007c3b80000)
  to   space 31744K, 0% used [0x00000007bfe00000,0x00000007bfe00000,0x00000007c1d00000)
 ParOldGen       total 167936K, used 125490K [0x0000000700000000, 0x000000070a400000, 0x00000007aab00000)
  object space 167936K, 74% used [0x0000000700000000,0x0000000707a8c8e0,0x000000070a400000)
 Metaspace       used 98769K, committed 99648K, reserved 1179648K
  class space    used 13482K, committed 13952K, reserved 1048576K
}
Event: 30.558 GC heap before
{Heap before GC invocations=22 (full 4):
 PSYoungGen      total 378368K, used 512K [0x00000007aab00000, 0x00000007c3c80000, 0x0000000800000000)
  eden space 347136K, 0% used [0x00000007aab00000,0x00000007aab00000,0x00000007bfe00000)
  from space 31232K, 1% used [0x00000007c1d00000,0x00000007c1d80000,0x00000007c3b80000)
  to   space 31744K, 0% used [0x00000007bfe00000,0x00000007bfe00000,0x00000007c1d00000)
 ParOldGen       total 167936K, used 125490K [0x0000000700000000, 0x000000070a400000, 0x00000007aab00000)
  object space 167936K, 74% used [0x0000000700000000,0x0000000707a8c8e0,0x000000070a400000)
 Metaspace       used 98769K, committed 99648K, reserved 1179648K
  class space    used 13482K, committed 13952K, reserved 1048576K
}
Event: 30.673 GC heap after
{Heap after GC invocations=22 (full 4):
 PSYoungGen      total 378368K, used 0K [0x00000007aab00000, 0x00000007c3c80000, 0x0000000800000000)
  eden space 347136K, 0% used [0x00000007aab00000,0x00000007aab00000,0x00000007bfe00000)
  from space 31232K, 0% used [0x00000007c1d00000,0x00000007c1d00000,0x00000007c3b80000)
  to   space 31744K, 0% used [0x00000007bfe00000,0x00000007bfe00000,0x00000007c1d00000)
 ParOldGen       total 167936K, used 118141K [0x0000000700000000, 0x000000070a400000, 0x00000007aab00000)
  object space 167936K, 70% used [0x0000000700000000,0x000000070735f488,0x000000070a400000)
 Metaspace       used 98498K, committed 99584K, reserved 1179648K
  class space    used 13459K, committed 13952K, reserved 1048576K
}
Event: 32.544 GC heap before
{Heap before GC invocations=23 (full 4):
 PSYoungGen      total 378368K, used 347136K [0x00000007aab00000, 0x00000007c3c80000, 0x0000000800000000)
  eden space 347136K, 100% used [0x00000007aab00000,0x00000007bfe00000,0x00000007bfe00000)
  from space 31232K, 0% used [0x00000007c1d00000,0x00000007c1d00000,0x00000007c3b80000)
  to   space 31744K, 0% used [0x00000007bfe00000,0x00000007bfe00000,0x00000007c1d00000)
 ParOldGen       total 167936K, used 118141K [0x0000000700000000, 0x000000070a400000, 0x00000007aab00000)
  object space 167936K, 70% used [0x0000000700000000,0x000000070735f488,0x000000070a400000)
 Metaspace       used 108808K, committed 109760K, reserved 1179648K
  class space    used 15517K, committed 16000K, reserved 1048576K
}
Event: 32.554 GC heap after
{Heap after GC invocations=23 (full 4):
 PSYoungGen      total 378880K, used 16929K [0x00000007aab00000, 0x00000007cc400000, 0x0000000800000000)
  eden space 347136K, 0% used [0x00000007aab00000,0x00000007aab00000,0x00000007bfe00000)
  from space 31744K, 53% used [0x00000007bfe00000,0x00000007c0e884b8,0x00000007c1d00000)
  to   space 31744K, 0% used [0x00000007ca500000,0x00000007ca500000,0x00000007cc400000)
 ParOldGen       total 167936K, used 118149K [0x0000000700000000, 0x000000070a400000, 0x00000007aab00000)
  object space 167936K, 70% used [0x0000000700000000,0x0000000707361488,0x000000070a400000)
 Metaspace       used 108808K, committed 109760K, reserved 1179648K
  class space    used 15517K, committed 16000K, reserved 1048576K
}
Event: 33.352 GC heap before
{Heap before GC invocations=24 (full 4):
 PSYoungGen      total 378880K, used 364065K [0x00000007aab00000, 0x00000007cc400000, 0x0000000800000000)
  eden space 347136K, 100% used [0x00000007aab00000,0x00000007bfe00000,0x00000007bfe00000)
  from space 31744K, 53% used [0x00000007bfe00000,0x00000007c0e884b8,0x00000007c1d00000)
  to   space 31744K, 0% used [0x00000007ca500000,0x00000007ca500000,0x00000007cc400000)
 ParOldGen       total 167936K, used 118149K [0x0000000700000000, 0x000000070a400000, 0x00000007aab00000)
  object space 167936K, 70% used [0x0000000700000000,0x0000000707361488,0x000000070a400000)
 Metaspace       used 110067K, committed 111040K, reserved 1179648K
  class space    used 15650K, committed 16128K, reserved 1048576K
}
Event: 33.359 GC heap after
{Heap after GC invocations=24 (full 4):
 PSYoungGen      total 517120K, used 4656K [0x00000007aab00000, 0x00000007cc300000, 0x0000000800000000)
  eden space 486400K, 0% used [0x00000007aab00000,0x00000007aab00000,0x00000007c8600000)
  from space 30720K, 15% used [0x00000007ca500000,0x00000007ca98c030,0x00000007cc300000)
  to   space 31232K, 0% used [0x00000007c8600000,0x00000007c8600000,0x00000007ca480000)
 ParOldGen       total 167936K, used 128749K [0x0000000700000000, 0x000000070a400000, 0x00000007aab00000)
  object space 167936K, 76% used [0x0000000700000000,0x0000000707dbb6b0,0x000000070a400000)
 Metaspace       used 110067K, committed 111040K, reserved 1179648K
  class space    used 15650K, committed 16128K, reserved 1048576K
}
Event: 34.728 GC heap before
{Heap before GC invocations=25 (full 4):
 PSYoungGen      total 517120K, used 491031K [0x00000007aab00000, 0x00000007cc300000, 0x0000000800000000)
  eden space 486400K, 99% used [0x00000007aab00000,0x00000007c85f9ef0,0x00000007c8600000)
  from space 30720K, 15% used [0x00000007ca500000,0x00000007ca98c030,0x00000007cc300000)
  to   space 31232K, 0% used [0x00000007c8600000,0x00000007c8600000,0x00000007ca480000)
 ParOldGen       total 167936K, used 128749K [0x0000000700000000, 0x000000070a400000, 0x00000007aab00000)
  object space 167936K, 76% used [0x0000000700000000,0x0000000707dbb6b0,0x000000070a400000)
 Metaspace       used 111144K, committed 112128K, reserved 1179648K
  class space    used 15667K, committed 16192K, reserved 1048576K
}
Event: 34.732 GC heap after
{Heap after GC invocations=25 (full 4):
 PSYoungGen      total 517632K, used 3168K [0x00000007aab00000, 0x00000007d8000000, 0x0000000800000000)
  eden space 486400K, 0% used [0x00000007aab00000,0x00000007aab00000,0x00000007c8600000)
  from space 31232K, 10% used [0x00000007c8600000,0x00000007c8918010,0x00000007ca480000)
  to   space 30720K, 0% used [0x00000007d6200000,0x00000007d6200000,0x00000007d8000000)
 ParOldGen       total 167936K, used 130575K [0x0000000700000000, 0x000000070a400000, 0x00000007aab00000)
  object space 167936K, 77% used [0x0000000700000000,0x0000000707f83e38,0x000000070a400000)
 Metaspace       used 111144K, committed 112128K, reserved 1179648K
  class space    used 15667K, committed 16192K, reserved 1048576K
}

